{"/Users/mac/Desktop/Wayfarer/server/Test/a-user.js":{"path":"/Users/mac/Desktop/Wayfarer/server/Test/a-user.js","statementMap":{"0":{"start":{"line":3,"column":12},"end":{"line":3,"column":27}},"1":{"start":{"line":5,"column":13},"end":{"line":5,"column":42}},"2":{"start":{"line":7,"column":16},"end":{"line":7,"column":36}},"3":{"start":{"line":9,"column":17},"end":{"line":9,"column":50}},"4":{"start":{"line":11,"column":11},"end":{"line":11,"column":28}},"5":{"start":{"line":13,"column":12},"end":{"line":13,"column":40}},"6":{"start":{"line":15,"column":39},"end":{"line":15,"column":93}},"7":{"start":{"line":17,"column":0},"end":{"line":17,"column":39}},"8":{"start":{"line":18,"column":0},"end":{"line":18,"column":24}},"9":{"start":{"line":20,"column":13},"end":{"line":25,"column":1}},"10":{"start":{"line":26,"column":14},"end":{"line":29,"column":1}},"11":{"start":{"line":30,"column":14},"end":{"line":33,"column":1}},"12":{"start":{"line":35,"column":0},"end":{"line":247,"column":3}},"13":{"start":{"line":37,"column":2},"end":{"line":101,"column":5}},"14":{"start":{"line":38,"column":4},"end":{"line":46,"column":7}},"15":{"start":{"line":39,"column":6},"end":{"line":45,"column":9}},"16":{"start":{"line":40,"column":8},"end":{"line":40,"column":36}},"17":{"start":{"line":41,"column":8},"end":{"line":41,"column":40}},"18":{"start":{"line":42,"column":8},"end":{"line":42,"column":61}},"19":{"start":{"line":43,"column":8},"end":{"line":43,"column":89}},"20":{"start":{"line":44,"column":8},"end":{"line":44,"column":15}},"21":{"start":{"line":48,"column":4},"end":{"line":60,"column":7}},"22":{"start":{"line":49,"column":6},"end":{"line":59,"column":9}},"23":{"start":{"line":54,"column":8},"end":{"line":54,"column":36}},"24":{"start":{"line":55,"column":8},"end":{"line":55,"column":40}},"25":{"start":{"line":56,"column":8},"end":{"line":56,"column":61}},"26":{"start":{"line":57,"column":8},"end":{"line":57,"column":75}},"27":{"start":{"line":58,"column":8},"end":{"line":58,"column":15}},"28":{"start":{"line":62,"column":4},"end":{"line":75,"column":7}},"29":{"start":{"line":63,"column":6},"end":{"line":74,"column":9}},"30":{"start":{"line":69,"column":8},"end":{"line":69,"column":36}},"31":{"start":{"line":70,"column":8},"end":{"line":70,"column":40}},"32":{"start":{"line":71,"column":8},"end":{"line":71,"column":61}},"33":{"start":{"line":72,"column":8},"end":{"line":72,"column":101}},"34":{"start":{"line":73,"column":8},"end":{"line":73,"column":15}},"35":{"start":{"line":77,"column":4},"end":{"line":90,"column":7}},"36":{"start":{"line":78,"column":6},"end":{"line":89,"column":9}},"37":{"start":{"line":79,"column":8},"end":{"line":79,"column":36}},"38":{"start":{"line":80,"column":8},"end":{"line":80,"column":40}},"39":{"start":{"line":81,"column":8},"end":{"line":81,"column":63}},"40":{"start":{"line":82,"column":8},"end":{"line":82,"column":46}},"41":{"start":{"line":83,"column":8},"end":{"line":83,"column":55}},"42":{"start":{"line":84,"column":8},"end":{"line":84,"column":57}},"43":{"start":{"line":85,"column":8},"end":{"line":85,"column":56}},"44":{"start":{"line":86,"column":8},"end":{"line":86,"column":52}},"45":{"start":{"line":87,"column":8},"end":{"line":87,"column":52}},"46":{"start":{"line":88,"column":8},"end":{"line":88,"column":15}},"47":{"start":{"line":92,"column":4},"end":{"line":100,"column":7}},"48":{"start":{"line":93,"column":6},"end":{"line":99,"column":9}},"49":{"start":{"line":94,"column":8},"end":{"line":94,"column":36}},"50":{"start":{"line":95,"column":8},"end":{"line":95,"column":40}},"51":{"start":{"line":96,"column":8},"end":{"line":96,"column":61}},"52":{"start":{"line":97,"column":8},"end":{"line":97,"column":103}},"53":{"start":{"line":98,"column":8},"end":{"line":98,"column":15}},"54":{"start":{"line":104,"column":2},"end":{"line":157,"column":5}},"55":{"start":{"line":105,"column":4},"end":{"line":115,"column":7}},"56":{"start":{"line":106,"column":6},"end":{"line":114,"column":9}},"57":{"start":{"line":109,"column":8},"end":{"line":109,"column":36}},"58":{"start":{"line":110,"column":8},"end":{"line":110,"column":40}},"59":{"start":{"line":111,"column":8},"end":{"line":111,"column":61}},"60":{"start":{"line":112,"column":8},"end":{"line":112,"column":75}},"61":{"start":{"line":113,"column":8},"end":{"line":113,"column":15}},"62":{"start":{"line":117,"column":4},"end":{"line":128,"column":7}},"63":{"start":{"line":118,"column":6},"end":{"line":127,"column":9}},"64":{"start":{"line":122,"column":8},"end":{"line":122,"column":36}},"65":{"start":{"line":123,"column":8},"end":{"line":123,"column":40}},"66":{"start":{"line":124,"column":8},"end":{"line":124,"column":61}},"67":{"start":{"line":125,"column":8},"end":{"line":125,"column":99}},"68":{"start":{"line":126,"column":8},"end":{"line":126,"column":15}},"69":{"start":{"line":130,"column":4},"end":{"line":143,"column":7}},"70":{"start":{"line":131,"column":6},"end":{"line":142,"column":9}},"71":{"start":{"line":132,"column":8},"end":{"line":132,"column":36}},"72":{"start":{"line":133,"column":8},"end":{"line":133,"column":40}},"73":{"start":{"line":134,"column":8},"end":{"line":134,"column":63}},"74":{"start":{"line":135,"column":8},"end":{"line":135,"column":46}},"75":{"start":{"line":136,"column":8},"end":{"line":136,"column":55}},"76":{"start":{"line":137,"column":8},"end":{"line":137,"column":57}},"77":{"start":{"line":138,"column":8},"end":{"line":138,"column":56}},"78":{"start":{"line":139,"column":8},"end":{"line":139,"column":52}},"79":{"start":{"line":140,"column":8},"end":{"line":140,"column":52}},"80":{"start":{"line":141,"column":8},"end":{"line":141,"column":15}},"81":{"start":{"line":145,"column":4},"end":{"line":156,"column":7}},"82":{"start":{"line":146,"column":6},"end":{"line":155,"column":9}},"83":{"start":{"line":150,"column":8},"end":{"line":150,"column":36}},"84":{"start":{"line":151,"column":8},"end":{"line":151,"column":40}},"85":{"start":{"line":152,"column":8},"end":{"line":152,"column":61}},"86":{"start":{"line":153,"column":8},"end":{"line":153,"column":94}},"87":{"start":{"line":154,"column":8},"end":{"line":154,"column":15}},"88":{"start":{"line":160,"column":2},"end":{"line":246,"column":5}},"89":{"start":{"line":161,"column":4},"end":{"line":169,"column":7}},"90":{"start":{"line":162,"column":6},"end":{"line":168,"column":9}},"91":{"start":{"line":163,"column":8},"end":{"line":163,"column":36}},"92":{"start":{"line":164,"column":8},"end":{"line":164,"column":40}},"93":{"start":{"line":165,"column":8},"end":{"line":165,"column":61}},"94":{"start":{"line":166,"column":8},"end":{"line":166,"column":73}},"95":{"start":{"line":167,"column":8},"end":{"line":167,"column":15}},"96":{"start":{"line":171,"column":4},"end":{"line":188,"column":7}},"97":{"start":{"line":172,"column":6},"end":{"line":187,"column":9}},"98":{"start":{"line":173,"column":8},"end":{"line":173,"column":36}},"99":{"start":{"line":174,"column":8},"end":{"line":174,"column":40}},"100":{"start":{"line":175,"column":8},"end":{"line":175,"column":63}},"101":{"start":{"line":176,"column":8},"end":{"line":176,"column":46}},"102":{"start":{"line":177,"column":8},"end":{"line":177,"column":52}},"103":{"start":{"line":178,"column":26},"end":{"line":178,"column":39}},"104":{"start":{"line":180,"column":8},"end":{"line":186,"column":11}},"105":{"start":{"line":181,"column":10},"end":{"line":181,"column":39}},"106":{"start":{"line":182,"column":10},"end":{"line":182,"column":43}},"107":{"start":{"line":183,"column":10},"end":{"line":183,"column":64}},"108":{"start":{"line":184,"column":10},"end":{"line":184,"column":108}},"109":{"start":{"line":185,"column":10},"end":{"line":185,"column":17}},"110":{"start":{"line":190,"column":4},"end":{"line":207,"column":7}},"111":{"start":{"line":191,"column":6},"end":{"line":206,"column":9}},"112":{"start":{"line":192,"column":8},"end":{"line":192,"column":36}},"113":{"start":{"line":193,"column":8},"end":{"line":193,"column":40}},"114":{"start":{"line":194,"column":8},"end":{"line":194,"column":63}},"115":{"start":{"line":195,"column":8},"end":{"line":195,"column":46}},"116":{"start":{"line":196,"column":8},"end":{"line":196,"column":52}},"117":{"start":{"line":197,"column":26},"end":{"line":197,"column":39}},"118":{"start":{"line":199,"column":8},"end":{"line":205,"column":11}},"119":{"start":{"line":200,"column":10},"end":{"line":200,"column":39}},"120":{"start":{"line":201,"column":10},"end":{"line":201,"column":43}},"121":{"start":{"line":202,"column":10},"end":{"line":202,"column":66}},"122":{"start":{"line":203,"column":10},"end":{"line":203,"column":49}},"123":{"start":{"line":204,"column":10},"end":{"line":204,"column":17}},"124":{"start":{"line":209,"column":4},"end":{"line":226,"column":7}},"125":{"start":{"line":210,"column":6},"end":{"line":225,"column":9}},"126":{"start":{"line":211,"column":8},"end":{"line":211,"column":36}},"127":{"start":{"line":212,"column":8},"end":{"line":212,"column":40}},"128":{"start":{"line":213,"column":8},"end":{"line":213,"column":63}},"129":{"start":{"line":214,"column":8},"end":{"line":214,"column":46}},"130":{"start":{"line":215,"column":8},"end":{"line":215,"column":52}},"131":{"start":{"line":216,"column":26},"end":{"line":216,"column":39}},"132":{"start":{"line":218,"column":8},"end":{"line":224,"column":11}},"133":{"start":{"line":219,"column":10},"end":{"line":219,"column":39}},"134":{"start":{"line":220,"column":10},"end":{"line":220,"column":43}},"135":{"start":{"line":221,"column":10},"end":{"line":221,"column":66}},"136":{"start":{"line":222,"column":10},"end":{"line":222,"column":49}},"137":{"start":{"line":223,"column":10},"end":{"line":223,"column":17}},"138":{"start":{"line":228,"column":4},"end":{"line":245,"column":7}},"139":{"start":{"line":229,"column":6},"end":{"line":244,"column":9}},"140":{"start":{"line":230,"column":8},"end":{"line":230,"column":36}},"141":{"start":{"line":231,"column":8},"end":{"line":231,"column":40}},"142":{"start":{"line":232,"column":8},"end":{"line":232,"column":63}},"143":{"start":{"line":233,"column":8},"end":{"line":233,"column":46}},"144":{"start":{"line":234,"column":8},"end":{"line":234,"column":52}},"145":{"start":{"line":235,"column":26},"end":{"line":235,"column":39}},"146":{"start":{"line":237,"column":8},"end":{"line":243,"column":11}},"147":{"start":{"line":238,"column":10},"end":{"line":238,"column":39}},"148":{"start":{"line":239,"column":10},"end":{"line":239,"column":43}},"149":{"start":{"line":240,"column":10},"end":{"line":240,"column":64}},"150":{"start":{"line":241,"column":10},"end":{"line":241,"column":98}},"151":{"start":{"line":242,"column":10},"end":{"line":242,"column":17}}},"fnMap":{"0":{"name":"_interopRequireDefault","decl":{"start":{"line":15,"column":9},"end":{"line":15,"column":31}},"loc":{"start":{"line":15,"column":37},"end":{"line":15,"column":95}},"line":15},"1":{"name":"(anonymous_1)","decl":{"start":{"line":35,"column":18},"end":{"line":35,"column":19}},"loc":{"start":{"line":35,"column":24},"end":{"line":247,"column":1}},"line":35},"2":{"name":"(anonymous_2)","decl":{"start":{"line":37,"column":35},"end":{"line":37,"column":36}},"loc":{"start":{"line":37,"column":41},"end":{"line":101,"column":3}},"line":37},"3":{"name":"(anonymous_3)","decl":{"start":{"line":38,"column":64},"end":{"line":38,"column":65}},"loc":{"start":{"line":38,"column":72},"end":{"line":46,"column":5}},"line":38},"4":{"name":"(anonymous_4)","decl":{"start":{"line":39,"column":85},"end":{"line":39,"column":86}},"loc":{"start":{"line":39,"column":101},"end":{"line":45,"column":7}},"line":39},"5":{"name":"(anonymous_5)","decl":{"start":{"line":48,"column":69},"end":{"line":48,"column":70}},"loc":{"start":{"line":48,"column":77},"end":{"line":60,"column":5}},"line":48},"6":{"name":"(anonymous_6)","decl":{"start":{"line":53,"column":13},"end":{"line":53,"column":14}},"loc":{"start":{"line":53,"column":29},"end":{"line":59,"column":7}},"line":53},"7":{"name":"(anonymous_7)","decl":{"start":{"line":62,"column":64},"end":{"line":62,"column":65}},"loc":{"start":{"line":62,"column":72},"end":{"line":75,"column":5}},"line":62},"8":{"name":"(anonymous_8)","decl":{"start":{"line":68,"column":13},"end":{"line":68,"column":14}},"loc":{"start":{"line":68,"column":27},"end":{"line":74,"column":7}},"line":68},"9":{"name":"(anonymous_9)","decl":{"start":{"line":77,"column":57},"end":{"line":77,"column":58}},"loc":{"start":{"line":77,"column":65},"end":{"line":90,"column":5}},"line":77},"10":{"name":"(anonymous_10)","decl":{"start":{"line":78,"column":87},"end":{"line":78,"column":88}},"loc":{"start":{"line":78,"column":101},"end":{"line":89,"column":7}},"line":78},"11":{"name":"(anonymous_11)","decl":{"start":{"line":92,"column":56},"end":{"line":92,"column":57}},"loc":{"start":{"line":92,"column":64},"end":{"line":100,"column":5}},"line":92},"12":{"name":"(anonymous_12)","decl":{"start":{"line":93,"column":87},"end":{"line":93,"column":88}},"loc":{"start":{"line":93,"column":103},"end":{"line":99,"column":7}},"line":93},"13":{"name":"(anonymous_13)","decl":{"start":{"line":104,"column":32},"end":{"line":104,"column":33}},"loc":{"start":{"line":104,"column":38},"end":{"line":157,"column":3}},"line":104},"14":{"name":"(anonymous_14)","decl":{"start":{"line":105,"column":71},"end":{"line":105,"column":72}},"loc":{"start":{"line":105,"column":79},"end":{"line":115,"column":5}},"line":105},"15":{"name":"(anonymous_15)","decl":{"start":{"line":108,"column":13},"end":{"line":108,"column":14}},"loc":{"start":{"line":108,"column":29},"end":{"line":114,"column":7}},"line":108},"16":{"name":"(anonymous_16)","decl":{"start":{"line":117,"column":59},"end":{"line":117,"column":60}},"loc":{"start":{"line":117,"column":67},"end":{"line":128,"column":5}},"line":117},"17":{"name":"(anonymous_17)","decl":{"start":{"line":121,"column":13},"end":{"line":121,"column":14}},"loc":{"start":{"line":121,"column":29},"end":{"line":127,"column":7}},"line":121},"18":{"name":"(anonymous_18)","decl":{"start":{"line":130,"column":73},"end":{"line":130,"column":74}},"loc":{"start":{"line":130,"column":81},"end":{"line":143,"column":5}},"line":130},"19":{"name":"(anonymous_19)","decl":{"start":{"line":131,"column":88},"end":{"line":131,"column":89}},"loc":{"start":{"line":131,"column":104},"end":{"line":142,"column":7}},"line":131},"20":{"name":"(anonymous_20)","decl":{"start":{"line":145,"column":68},"end":{"line":145,"column":69}},"loc":{"start":{"line":145,"column":76},"end":{"line":156,"column":5}},"line":145},"21":{"name":"(anonymous_21)","decl":{"start":{"line":149,"column":13},"end":{"line":149,"column":14}},"loc":{"start":{"line":149,"column":29},"end":{"line":155,"column":7}},"line":149},"22":{"name":"(anonymous_22)","decl":{"start":{"line":160,"column":25},"end":{"line":160,"column":26}},"loc":{"start":{"line":160,"column":31},"end":{"line":246,"column":3}},"line":160},"23":{"name":"(anonymous_23)","decl":{"start":{"line":161,"column":65},"end":{"line":161,"column":66}},"loc":{"start":{"line":161,"column":73},"end":{"line":169,"column":5}},"line":161},"24":{"name":"(anonymous_24)","decl":{"start":{"line":162,"column":75},"end":{"line":162,"column":76}},"loc":{"start":{"line":162,"column":91},"end":{"line":168,"column":7}},"line":162},"25":{"name":"(anonymous_25)","decl":{"start":{"line":171,"column":69},"end":{"line":171,"column":70}},"loc":{"start":{"line":171,"column":77},"end":{"line":188,"column":5}},"line":171},"26":{"name":"(anonymous_26)","decl":{"start":{"line":172,"column":88},"end":{"line":172,"column":89}},"loc":{"start":{"line":172,"column":102},"end":{"line":187,"column":7}},"line":172},"27":{"name":"(anonymous_27)","decl":{"start":{"line":180,"column":106},"end":{"line":180,"column":107}},"loc":{"start":{"line":180,"column":123},"end":{"line":186,"column":9}},"line":180},"28":{"name":"(anonymous_28)","decl":{"start":{"line":190,"column":58},"end":{"line":190,"column":59}},"loc":{"start":{"line":190,"column":66},"end":{"line":207,"column":5}},"line":190},"29":{"name":"(anonymous_29)","decl":{"start":{"line":191,"column":88},"end":{"line":191,"column":89}},"loc":{"start":{"line":191,"column":102},"end":{"line":206,"column":7}},"line":191},"30":{"name":"(anonymous_30)","decl":{"start":{"line":199,"column":106},"end":{"line":199,"column":107}},"loc":{"start":{"line":199,"column":123},"end":{"line":205,"column":9}},"line":199},"31":{"name":"(anonymous_31)","decl":{"start":{"line":209,"column":70},"end":{"line":209,"column":71}},"loc":{"start":{"line":209,"column":78},"end":{"line":226,"column":5}},"line":209},"32":{"name":"(anonymous_32)","decl":{"start":{"line":210,"column":88},"end":{"line":210,"column":89}},"loc":{"start":{"line":210,"column":102},"end":{"line":225,"column":7}},"line":210},"33":{"name":"(anonymous_33)","decl":{"start":{"line":218,"column":108},"end":{"line":218,"column":109}},"loc":{"start":{"line":218,"column":125},"end":{"line":224,"column":9}},"line":218},"34":{"name":"(anonymous_34)","decl":{"start":{"line":228,"column":57},"end":{"line":228,"column":58}},"loc":{"start":{"line":228,"column":65},"end":{"line":245,"column":5}},"line":228},"35":{"name":"(anonymous_35)","decl":{"start":{"line":229,"column":88},"end":{"line":229,"column":89}},"loc":{"start":{"line":229,"column":102},"end":{"line":244,"column":7}},"line":229},"36":{"name":"(anonymous_36)","decl":{"start":{"line":237,"column":108},"end":{"line":237,"column":109}},"loc":{"start":{"line":237,"column":125},"end":{"line":243,"column":9}},"line":237}},"branchMap":{"0":{"loc":{"start":{"line":15,"column":46},"end":{"line":15,"column":92}},"type":"cond-expr","locations":[{"start":{"line":15,"column":70},"end":{"line":15,"column":73}},{"start":{"line":15,"column":76},"end":{"line":15,"column":92}}],"line":15},"1":{"loc":{"start":{"line":15,"column":46},"end":{"line":15,"column":67}},"type":"binary-expr","locations":[{"start":{"line":15,"column":46},"end":{"line":15,"column":49}},{"start":{"line":15,"column":53},"end":{"line":15,"column":67}}],"line":15}},"s":{"0":1,"1":1,"2":1,"3":1,"4":1,"5":1,"6":3,"7":1,"8":1,"9":1,"10":1,"11":1,"12":1,"13":1,"14":1,"15":1,"16":1,"17":1,"18":1,"19":1,"20":1,"21":1,"22":1,"23":1,"24":1,"25":1,"26":1,"27":1,"28":1,"29":1,"30":1,"31":1,"32":1,"33":1,"34":1,"35":1,"36":1,"37":1,"38":1,"39":1,"40":1,"41":1,"42":1,"43":1,"44":1,"45":1,"46":1,"47":1,"48":1,"49":1,"50":1,"51":1,"52":1,"53":1,"54":1,"55":1,"56":1,"57":1,"58":1,"59":1,"60":1,"61":1,"62":1,"63":1,"64":1,"65":1,"66":1,"67":1,"68":1,"69":1,"70":1,"71":1,"72":1,"73":1,"74":1,"75":1,"76":1,"77":1,"78":1,"79":1,"80":1,"81":1,"82":1,"83":1,"84":1,"85":1,"86":1,"87":1,"88":1,"89":1,"90":1,"91":1,"92":1,"93":1,"94":1,"95":1,"96":1,"97":1,"98":1,"99":1,"100":1,"101":1,"102":1,"103":1,"104":1,"105":1,"106":1,"107":1,"108":1,"109":1,"110":1,"111":1,"112":1,"113":1,"114":1,"115":1,"116":1,"117":1,"118":1,"119":1,"120":1,"121":1,"122":1,"123":1,"124":1,"125":1,"126":1,"127":1,"128":1,"129":1,"130":1,"131":1,"132":1,"133":1,"134":1,"135":1,"136":1,"137":1,"138":1,"139":1,"140":1,"141":1,"142":1,"143":1,"144":1,"145":1,"146":1,"147":1,"148":1,"149":1,"150":1,"151":1},"f":{"0":3,"1":1,"2":1,"3":1,"4":1,"5":1,"6":1,"7":1,"8":1,"9":1,"10":1,"11":1,"12":1,"13":1,"14":1,"15":1,"16":1,"17":1,"18":1,"19":1,"20":1,"21":1,"22":1,"23":1,"24":1,"25":1,"26":1,"27":1,"28":1,"29":1,"30":1,"31":1,"32":1,"33":1,"34":1,"35":1,"36":1},"b":{"0":[1,2],"1":[3,3]},"_coverageSchema":"43e27e138ebf9cfc5966b082cf9a028302ed4184","hash":"bb4f7f4c8c88e42e925e43a67cc0386c668662ff","contentHash":"4eb2451386a27aa361f32ebe14ca3e976233815c79cc36590ba64d53f13564c9"},"/Users/mac/Desktop/Wayfarer/server/app.js":{"path":"/Users/mac/Desktop/Wayfarer/server/app.js","statementMap":{"0":{"start":{"line":3,"column":0},"end":{"line":5,"column":3}},"1":{"start":{"line":7,"column":14},"end":{"line":7,"column":31}},"2":{"start":{"line":9,"column":15},"end":{"line":9,"column":46}},"3":{"start":{"line":11,"column":15},"end":{"line":11,"column":33}},"4":{"start":{"line":13,"column":16},"end":{"line":13,"column":48}},"5":{"start":{"line":15,"column":18},"end":{"line":15,"column":40}},"6":{"start":{"line":17,"column":19},"end":{"line":17,"column":54}},"7":{"start":{"line":19,"column":14},"end":{"line":19,"column":40}},"8":{"start":{"line":21,"column":15},"end":{"line":21,"column":46}},"9":{"start":{"line":23,"column":39},"end":{"line":23,"column":93}},"10":{"start":{"line":25,"column":0},"end":{"line":25,"column":26}},"11":{"start":{"line":26,"column":12},"end":{"line":26,"column":36}},"12":{"start":{"line":29,"column":0},"end":{"line":33,"column":3}},"13":{"start":{"line":30,"column":2},"end":{"line":30,"column":49}},"14":{"start":{"line":31,"column":2},"end":{"line":31,"column":95}},"15":{"start":{"line":32,"column":2},"end":{"line":32,"column":9}},"16":{"start":{"line":36,"column":0},"end":{"line":36,"column":62}},"17":{"start":{"line":37,"column":0},"end":{"line":37,"column":37}},"18":{"start":{"line":39,"column":0},"end":{"line":39,"column":27}},"19":{"start":{"line":42,"column":0},"end":{"line":44,"column":3}},"20":{"start":{"line":43,"column":2},"end":{"line":43,"column":68}},"21":{"start":{"line":47,"column":13},"end":{"line":47,"column":37}},"22":{"start":{"line":48,"column":0},"end":{"line":50,"column":3}},"23":{"start":{"line":49,"column":2},"end":{"line":49,"column":66}},"24":{"start":{"line":52,"column":0},"end":{"line":52,"column":22}}},"fnMap":{"0":{"name":"_interopRequireDefault","decl":{"start":{"line":23,"column":9},"end":{"line":23,"column":31}},"loc":{"start":{"line":23,"column":37},"end":{"line":23,"column":95}},"line":23},"1":{"name":"(anonymous_1)","decl":{"start":{"line":29,"column":8},"end":{"line":29,"column":9}},"loc":{"start":{"line":29,"column":28},"end":{"line":33,"column":1}},"line":29},"2":{"name":"(anonymous_2)","decl":{"start":{"line":42,"column":13},"end":{"line":42,"column":14}},"loc":{"start":{"line":42,"column":27},"end":{"line":44,"column":1}},"line":42},"3":{"name":"(anonymous_3)","decl":{"start":{"line":48,"column":17},"end":{"line":48,"column":18}},"loc":{"start":{"line":48,"column":23},"end":{"line":50,"column":1}},"line":48}},"branchMap":{"0":{"loc":{"start":{"line":23,"column":46},"end":{"line":23,"column":92}},"type":"cond-expr","locations":[{"start":{"line":23,"column":70},"end":{"line":23,"column":73}},{"start":{"line":23,"column":76},"end":{"line":23,"column":92}}],"line":23},"1":{"loc":{"start":{"line":23,"column":46},"end":{"line":23,"column":67}},"type":"binary-expr","locations":[{"start":{"line":23,"column":46},"end":{"line":23,"column":49}},{"start":{"line":23,"column":53},"end":{"line":23,"column":67}}],"line":23},"2":{"loc":{"start":{"line":47,"column":13},"end":{"line":47,"column":37}},"type":"binary-expr","locations":[{"start":{"line":47,"column":13},"end":{"line":47,"column":29}},{"start":{"line":47,"column":33},"end":{"line":47,"column":37}}],"line":47}},"s":{"0":1,"1":1,"2":1,"3":1,"4":1,"5":1,"6":1,"7":1,"8":1,"9":4,"10":1,"11":1,"12":1,"13":91,"14":91,"15":91,"16":1,"17":1,"18":1,"19":1,"20":0,"21":1,"22":1,"23":1,"24":1},"f":{"0":4,"1":91,"2":0,"3":1},"b":{"0":[1,3],"1":[4,4],"2":[1,1]},"_coverageSchema":"43e27e138ebf9cfc5966b082cf9a028302ed4184","hash":"f2f040008ddd9d4cd80af70f8645b5e050062edb","contentHash":"173258d9ff24e7cb048eff2a94c41369d68618faf5ed18617db5f41feede61b1"},"/Users/mac/Desktop/Wayfarer/server/Routes/routes.js":{"path":"/Users/mac/Desktop/Wayfarer/server/Routes/routes.js","statementMap":{"0":{"start":{"line":3,"column":0},"end":{"line":5,"column":3}},"1":{"start":{"line":7,"column":13},"end":{"line":7,"column":44}},"2":{"start":{"line":9,"column":14},"end":{"line":9,"column":44}},"3":{"start":{"line":11,"column":13},"end":{"line":11,"column":44}},"4":{"start":{"line":13,"column":14},"end":{"line":13,"column":44}},"5":{"start":{"line":15,"column":13},"end":{"line":15,"column":44}},"6":{"start":{"line":17,"column":14},"end":{"line":17,"column":44}},"7":{"start":{"line":19,"column":16},"end":{"line":19,"column":50}},"8":{"start":{"line":21,"column":17},"end":{"line":21,"column":50}},"9":{"start":{"line":23,"column":12},"end":{"line":23,"column":41}},"10":{"start":{"line":25,"column":13},"end":{"line":25,"column":42}},"11":{"start":{"line":27,"column":22},"end":{"line":27,"column":61}},"12":{"start":{"line":29,"column":23},"end":{"line":29,"column":62}},"13":{"start":{"line":31,"column":39},"end":{"line":31,"column":93}},"14":{"start":{"line":33,"column":0},"end":{"line":59,"column":2}},"15":{"start":{"line":35,"column":2},"end":{"line":35,"column":94}},"16":{"start":{"line":36,"column":2},"end":{"line":36,"column":125}},"17":{"start":{"line":37,"column":2},"end":{"line":37,"column":163}},"18":{"start":{"line":38,"column":2},"end":{"line":38,"column":100}},"19":{"start":{"line":41,"column":2},"end":{"line":41,"column":147}},"20":{"start":{"line":42,"column":2},"end":{"line":42,"column":119}},"21":{"start":{"line":43,"column":2},"end":{"line":43,"column":156}},"22":{"start":{"line":46,"column":2},"end":{"line":46,"column":151}},"23":{"start":{"line":47,"column":2},"end":{"line":47,"column":88}},"24":{"start":{"line":48,"column":2},"end":{"line":48,"column":161}},"25":{"start":{"line":49,"column":2},"end":{"line":49,"column":114}},"26":{"start":{"line":50,"column":2},"end":{"line":50,"column":129}},"27":{"start":{"line":51,"column":2},"end":{"line":51,"column":194}},"28":{"start":{"line":54,"column":2},"end":{"line":54,"column":133}},"29":{"start":{"line":55,"column":2},"end":{"line":55,"column":100}},"30":{"start":{"line":56,"column":2},"end":{"line":56,"column":173}},"31":{"start":{"line":57,"column":2},"end":{"line":57,"column":179}},"32":{"start":{"line":58,"column":2},"end":{"line":58,"column":176}}},"fnMap":{"0":{"name":"_interopRequireDefault","decl":{"start":{"line":31,"column":9},"end":{"line":31,"column":31}},"loc":{"start":{"line":31,"column":37},"end":{"line":31,"column":95}},"line":31},"1":{"name":"(anonymous_1)","decl":{"start":{"line":33,"column":18},"end":{"line":33,"column":19}},"loc":{"start":{"line":33,"column":28},"end":{"line":59,"column":1}},"line":33}},"branchMap":{"0":{"loc":{"start":{"line":31,"column":46},"end":{"line":31,"column":92}},"type":"cond-expr","locations":[{"start":{"line":31,"column":70},"end":{"line":31,"column":73}},{"start":{"line":31,"column":76},"end":{"line":31,"column":92}}],"line":31},"1":{"loc":{"start":{"line":31,"column":46},"end":{"line":31,"column":67}},"type":"binary-expr","locations":[{"start":{"line":31,"column":46},"end":{"line":31,"column":49}},{"start":{"line":31,"column":53},"end":{"line":31,"column":67}}],"line":31}},"s":{"0":1,"1":1,"2":1,"3":1,"4":1,"5":1,"6":1,"7":1,"8":1,"9":1,"10":1,"11":1,"12":1,"13":6,"14":1,"15":1,"16":1,"17":1,"18":1,"19":1,"20":1,"21":1,"22":1,"23":1,"24":1,"25":1,"26":1,"27":1,"28":1,"29":1,"30":1,"31":1,"32":1},"f":{"0":6,"1":1},"b":{"0":[6,0],"1":[6,6]},"_coverageSchema":"43e27e138ebf9cfc5966b082cf9a028302ed4184","hash":"6cab41966538a7b8ca93c784db3d450e7a483c44","contentHash":"b3be6bd67c403145182a42374a0613f5364e3da00b8ca886014a311c0ad1f797"},"/Users/mac/Desktop/Wayfarer/server/Controllers/users.js":{"path":"/Users/mac/Desktop/Wayfarer/server/Controllers/users.js","statementMap":{"0":{"start":{"line":3,"column":0},"end":{"line":5,"column":3}},"1":{"start":{"line":7,"column":14},"end":{"line":7,"column":31}},"2":{"start":{"line":9,"column":15},"end":{"line":9,"column":46}},"3":{"start":{"line":11,"column":14},"end":{"line":11,"column":37}},"4":{"start":{"line":13,"column":15},"end":{"line":13,"column":46}},"5":{"start":{"line":15,"column":12},"end":{"line":15,"column":41}},"6":{"start":{"line":17,"column":13},"end":{"line":17,"column":42}},"7":{"start":{"line":19,"column":39},"end":{"line":19,"column":93}},"8":{"start":{"line":24,"column":4},"end":{"line":50,"column":5}},"9":{"start":{"line":25,"column":19},"end":{"line":25,"column":67}},"10":{"start":{"line":26,"column":20},"end":{"line":29,"column":7}},"11":{"start":{"line":31,"column":21},"end":{"line":31,"column":56}},"12":{"start":{"line":32,"column":26},"end":{"line":32,"column":40}},"13":{"start":{"line":33,"column":24},"end":{"line":33,"column":65}},"14":{"start":{"line":34,"column":6},"end":{"line":44,"column":9}},"15":{"start":{"line":46,"column":6},"end":{"line":49,"column":9}},"16":{"start":{"line":55,"column":4},"end":{"line":69,"column":5}},"17":{"start":{"line":56,"column":20},"end":{"line":56,"column":51}},"18":{"start":{"line":57,"column":21},"end":{"line":57,"column":56}},"19":{"start":{"line":58,"column":20},"end":{"line":58,"column":31}},"20":{"start":{"line":59,"column":6},"end":{"line":62,"column":9}},"21":{"start":{"line":64,"column":6},"end":{"line":64,"column":25}},"22":{"start":{"line":65,"column":6},"end":{"line":68,"column":9}},"23":{"start":{"line":74,"column":4},"end":{"line":98,"column":5}},"24":{"start":{"line":75,"column":20},"end":{"line":78,"column":7}},"25":{"start":{"line":79,"column":21},"end":{"line":79,"column":56}},"26":{"start":{"line":80,"column":19},"end":{"line":80,"column":30}},"27":{"start":{"line":82,"column":6},"end":{"line":87,"column":7}},"28":{"start":{"line":83,"column":8},"end":{"line":86,"column":11}},"29":{"start":{"line":89,"column":6},"end":{"line":92,"column":9}},"30":{"start":{"line":94,"column":6},"end":{"line":97,"column":9}},"31":{"start":{"line":103,"column":4},"end":{"line":124,"column":5}},"32":{"start":{"line":104,"column":20},"end":{"line":104,"column":102}},"33":{"start":{"line":105,"column":21},"end":{"line":105,"column":56}},"34":{"start":{"line":106,"column":19},"end":{"line":106,"column":33}},"35":{"start":{"line":107,"column":20},"end":{"line":107,"column":54}},"36":{"start":{"line":108,"column":6},"end":{"line":118,"column":9}},"37":{"start":{"line":120,"column":6},"end":{"line":123,"column":9}},"38":{"start":{"line":127,"column":0},"end":{"line":127,"column":33}}},"fnMap":{"0":{"name":"_interopRequireDefault","decl":{"start":{"line":19,"column":9},"end":{"line":19,"column":31}},"loc":{"start":{"line":19,"column":37},"end":{"line":19,"column":95}},"line":19},"1":{"name":"(anonymous_1)","decl":{"start":{"line":23,"column":2},"end":{"line":23,"column":3}},"loc":{"start":{"line":23,"column":33},"end":{"line":51,"column":3}},"line":23},"2":{"name":"(anonymous_2)","decl":{"start":{"line":54,"column":2},"end":{"line":54,"column":3}},"loc":{"start":{"line":54,"column":37},"end":{"line":70,"column":3}},"line":54},"3":{"name":"(anonymous_3)","decl":{"start":{"line":73,"column":2},"end":{"line":73,"column":3}},"loc":{"start":{"line":73,"column":34},"end":{"line":99,"column":3}},"line":73},"4":{"name":"(anonymous_4)","decl":{"start":{"line":102,"column":2},"end":{"line":102,"column":3}},"loc":{"start":{"line":102,"column":35},"end":{"line":125,"column":3}},"line":102}},"branchMap":{"0":{"loc":{"start":{"line":19,"column":46},"end":{"line":19,"column":92}},"type":"cond-expr","locations":[{"start":{"line":19,"column":70},"end":{"line":19,"column":73}},{"start":{"line":19,"column":76},"end":{"line":19,"column":92}}],"line":19},"1":{"loc":{"start":{"line":19,"column":46},"end":{"line":19,"column":67}},"type":"binary-expr","locations":[{"start":{"line":19,"column":46},"end":{"line":19,"column":49}},{"start":{"line":19,"column":53},"end":{"line":19,"column":67}}],"line":19},"2":{"loc":{"start":{"line":82,"column":6},"end":{"line":87,"column":7}},"type":"if","locations":[{"start":{"line":82,"column":6},"end":{"line":87,"column":7}},{"start":{"line":82,"column":6},"end":{"line":87,"column":7}}],"line":82}},"s":{"0":1,"1":1,"2":1,"3":1,"4":1,"5":1,"6":1,"7":3,"8":1,"9":1,"10":1,"11":1,"12":1,"13":1,"14":1,"15":0,"16":1,"17":1,"18":1,"19":1,"20":1,"21":0,"22":0,"23":1,"24":1,"25":1,"26":1,"27":1,"28":0,"29":1,"30":0,"31":40,"32":40,"33":40,"34":40,"35":40,"36":40,"37":0,"38":1},"f":{"0":3,"1":1,"2":1,"3":1,"4":40},"b":{"0":[2,1],"1":[3,3],"2":[0,1]},"_coverageSchema":"43e27e138ebf9cfc5966b082cf9a028302ed4184","hash":"bec68a074c19ad91fc582aafbb43adeac356f0aa","contentHash":"23092ca11a078fc092be363c740f6423030cc08d5eaf174e2c442adce5c17864"},"/Users/mac/Desktop/Wayfarer/server/DB/config.js":{"path":"/Users/mac/Desktop/Wayfarer/server/DB/config.js","statementMap":{"0":{"start":{"line":3,"column":0},"end":{"line":5,"column":3}},"1":{"start":{"line":7,"column":10},"end":{"line":7,"column":23}},"2":{"start":{"line":9,"column":14},"end":{"line":9,"column":31}},"3":{"start":{"line":11,"column":15},"end":{"line":11,"column":46}},"4":{"start":{"line":13,"column":39},"end":{"line":13,"column":93}},"5":{"start":{"line":15,"column":0},"end":{"line":15,"column":26}},"6":{"start":{"line":17,"column":25},"end":{"line":17,"column":49}},"7":{"start":{"line":18,"column":13},"end":{"line":20,"column":2}},"8":{"start":{"line":22,"column":0},"end":{"line":24,"column":3}},"9":{"start":{"line":23,"column":2},"end":{"line":23,"column":43}},"10":{"start":{"line":26,"column":0},"end":{"line":26,"column":23}}},"fnMap":{"0":{"name":"_interopRequireDefault","decl":{"start":{"line":13,"column":9},"end":{"line":13,"column":31}},"loc":{"start":{"line":13,"column":37},"end":{"line":13,"column":95}},"line":13},"1":{"name":"(anonymous_1)","decl":{"start":{"line":22,"column":19},"end":{"line":22,"column":20}},"loc":{"start":{"line":22,"column":25},"end":{"line":24,"column":1}},"line":22}},"branchMap":{"0":{"loc":{"start":{"line":13,"column":46},"end":{"line":13,"column":92}},"type":"cond-expr","locations":[{"start":{"line":13,"column":70},"end":{"line":13,"column":73}},{"start":{"line":13,"column":76},"end":{"line":13,"column":92}}],"line":13},"1":{"loc":{"start":{"line":13,"column":46},"end":{"line":13,"column":67}},"type":"binary-expr","locations":[{"start":{"line":13,"column":46},"end":{"line":13,"column":49}},{"start":{"line":13,"column":53},"end":{"line":13,"column":67}}],"line":13}},"s":{"0":1,"1":1,"2":1,"3":1,"4":1,"5":1,"6":1,"7":1,"8":1,"9":1,"10":1},"f":{"0":1,"1":1},"b":{"0":[0,1],"1":[1,1]},"_coverageSchema":"43e27e138ebf9cfc5966b082cf9a028302ed4184","hash":"6e72bac320bc609e460922fe3025a50977cb9a02","contentHash":"8472b12e0127ee927e3a5cc9af936aaff7ea0895053a1a01e95f8241732d6a28"},"/Users/mac/Desktop/Wayfarer/server/Middleware/auth.js":{"path":"/Users/mac/Desktop/Wayfarer/server/Middleware/auth.js","statementMap":{"0":{"start":{"line":3,"column":0},"end":{"line":5,"column":3}},"1":{"start":{"line":7,"column":20},"end":{"line":7,"column":43}},"2":{"start":{"line":9,"column":21},"end":{"line":9,"column":58}},"3":{"start":{"line":11,"column":14},"end":{"line":11,"column":37}},"4":{"start":{"line":13,"column":15},"end":{"line":13,"column":46}},"5":{"start":{"line":15,"column":39},"end":{"line":15,"column":93}},"6":{"start":{"line":17,"column":13},"end":{"line":96,"column":1}},"7":{"start":{"line":19,"column":4},"end":{"line":22,"column":48}},"8":{"start":{"line":26,"column":18},"end":{"line":26,"column":20}},"9":{"start":{"line":27,"column":4},"end":{"line":31,"column":5}},"10":{"start":{"line":28,"column":6},"end":{"line":28,"column":81}},"11":{"start":{"line":30,"column":6},"end":{"line":30,"column":41}},"12":{"start":{"line":32,"column":4},"end":{"line":32,"column":19}},"13":{"start":{"line":36,"column":4},"end":{"line":74,"column":5}},"14":{"start":{"line":37,"column":20},"end":{"line":37,"column":49}},"15":{"start":{"line":38,"column":22},"end":{"line":38,"column":45}},"16":{"start":{"line":40,"column":6},"end":{"line":45,"column":7}},"17":{"start":{"line":41,"column":8},"end":{"line":44,"column":11}},"18":{"start":{"line":47,"column":6},"end":{"line":52,"column":7}},"19":{"start":{"line":48,"column":8},"end":{"line":51,"column":11}},"20":{"start":{"line":54,"column":20},"end":{"line":56,"column":7}},"21":{"start":{"line":57,"column":21},"end":{"line":57,"column":56}},"22":{"start":{"line":59,"column":6},"end":{"line":64,"column":7}},"23":{"start":{"line":60,"column":8},"end":{"line":63,"column":11}},"24":{"start":{"line":66,"column":19},"end":{"line":66,"column":33}},"25":{"start":{"line":67,"column":6},"end":{"line":67,"column":22}},"26":{"start":{"line":68,"column":6},"end":{"line":68,"column":20}},"27":{"start":{"line":70,"column":6},"end":{"line":73,"column":9}},"28":{"start":{"line":78,"column":4},"end":{"line":94,"column":5}},"29":{"start":{"line":79,"column":20},"end":{"line":79,"column":49}},"30":{"start":{"line":80,"column":22},"end":{"line":80,"column":45}},"31":{"start":{"line":82,"column":6},"end":{"line":87,"column":7}},"32":{"start":{"line":83,"column":8},"end":{"line":86,"column":11}},"33":{"start":{"line":88,"column":6},"end":{"line":88,"column":20}},"34":{"start":{"line":90,"column":6},"end":{"line":93,"column":9}},"35":{"start":{"line":98,"column":0},"end":{"line":98,"column":23}}},"fnMap":{"0":{"name":"_interopRequireDefault","decl":{"start":{"line":15,"column":9},"end":{"line":15,"column":31}},"loc":{"start":{"line":15,"column":37},"end":{"line":15,"column":95}},"line":15},"1":{"name":"(anonymous_1)","decl":{"start":{"line":18,"column":2},"end":{"line":18,"column":3}},"loc":{"start":{"line":18,"column":22},"end":{"line":23,"column":3}},"line":18},"2":{"name":"(anonymous_2)","decl":{"start":{"line":25,"column":2},"end":{"line":25,"column":3}},"loc":{"start":{"line":25,"column":21},"end":{"line":33,"column":3}},"line":25},"3":{"name":"(anonymous_3)","decl":{"start":{"line":35,"column":2},"end":{"line":35,"column":3}},"loc":{"start":{"line":35,"column":40},"end":{"line":75,"column":3}},"line":35},"4":{"name":"(anonymous_4)","decl":{"start":{"line":77,"column":2},"end":{"line":77,"column":3}},"loc":{"start":{"line":77,"column":36},"end":{"line":95,"column":3}},"line":77}},"branchMap":{"0":{"loc":{"start":{"line":15,"column":46},"end":{"line":15,"column":92}},"type":"cond-expr","locations":[{"start":{"line":15,"column":70},"end":{"line":15,"column":73}},{"start":{"line":15,"column":76},"end":{"line":15,"column":92}}],"line":15},"1":{"loc":{"start":{"line":15,"column":46},"end":{"line":15,"column":67}},"type":"binary-expr","locations":[{"start":{"line":15,"column":46},"end":{"line":15,"column":49}},{"start":{"line":15,"column":53},"end":{"line":15,"column":67}}],"line":15},"2":{"loc":{"start":{"line":40,"column":6},"end":{"line":45,"column":7}},"type":"if","locations":[{"start":{"line":40,"column":6},"end":{"line":45,"column":7}},{"start":{"line":40,"column":6},"end":{"line":45,"column":7}}],"line":40},"3":{"loc":{"start":{"line":47,"column":6},"end":{"line":52,"column":7}},"type":"if","locations":[{"start":{"line":47,"column":6},"end":{"line":52,"column":7}},{"start":{"line":47,"column":6},"end":{"line":52,"column":7}}],"line":47},"4":{"loc":{"start":{"line":59,"column":6},"end":{"line":64,"column":7}},"type":"if","locations":[{"start":{"line":59,"column":6},"end":{"line":64,"column":7}},{"start":{"line":59,"column":6},"end":{"line":64,"column":7}}],"line":59},"5":{"loc":{"start":{"line":82,"column":6},"end":{"line":87,"column":7}},"type":"if","locations":[{"start":{"line":82,"column":6},"end":{"line":87,"column":7}},{"start":{"line":82,"column":6},"end":{"line":87,"column":7}}],"line":82}},"s":{"0":1,"1":1,"2":1,"3":1,"4":1,"5":2,"6":1,"7":41,"8":60,"9":60,"10":60,"11":4,"12":60,"13":43,"14":43,"15":43,"16":43,"17":4,"18":39,"19":0,"20":39,"21":39,"22":39,"23":0,"24":39,"25":39,"26":39,"27":0,"28":17,"29":17,"30":17,"31":17,"32":2,"33":15,"34":0,"35":1},"f":{"0":2,"1":41,"2":60,"3":43,"4":17},"b":{"0":[1,1],"1":[2,2],"2":[4,39],"3":[0,39],"4":[0,39],"5":[2,15]},"_coverageSchema":"43e27e138ebf9cfc5966b082cf9a028302ed4184","hash":"cd3a436666eefd599ada73a0258ab8b2cc1856ef","contentHash":"d0c3ede045a59e3a34c5cd62cef595801ba156d002c2d343c1d0f35909fc1581"},"/Users/mac/Desktop/Wayfarer/server/Controllers/trips.js":{"path":"/Users/mac/Desktop/Wayfarer/server/Controllers/trips.js","statementMap":{"0":{"start":{"line":3,"column":0},"end":{"line":5,"column":3}},"1":{"start":{"line":7,"column":14},"end":{"line":7,"column":37}},"2":{"start":{"line":9,"column":15},"end":{"line":9,"column":46}},"3":{"start":{"line":11,"column":39},"end":{"line":11,"column":93}},"4":{"start":{"line":16,"column":4},"end":{"line":48,"column":5}},"5":{"start":{"line":17,"column":20},"end":{"line":20,"column":7}},"6":{"start":{"line":21,"column":22},"end":{"line":24,"column":7}},"7":{"start":{"line":25,"column":21},"end":{"line":25,"column":56}},"8":{"start":{"line":26,"column":19},"end":{"line":26,"column":33}},"9":{"start":{"line":27,"column":21},"end":{"line":27,"column":58}},"10":{"start":{"line":28,"column":18},"end":{"line":28,"column":32}},"11":{"start":{"line":30,"column":6},"end":{"line":42,"column":9}},"12":{"start":{"line":44,"column":6},"end":{"line":47,"column":9}},"13":{"start":{"line":53,"column":4},"end":{"line":67,"column":5}},"14":{"start":{"line":54,"column":20},"end":{"line":54,"column":51}},"15":{"start":{"line":56,"column":21},"end":{"line":56,"column":56}},"16":{"start":{"line":57,"column":20},"end":{"line":57,"column":31}},"17":{"start":{"line":58,"column":6},"end":{"line":61,"column":9}},"18":{"start":{"line":63,"column":6},"end":{"line":66,"column":9}},"19":{"start":{"line":72,"column":4},"end":{"line":95,"column":5}},"20":{"start":{"line":73,"column":20},"end":{"line":76,"column":7}},"21":{"start":{"line":77,"column":21},"end":{"line":77,"column":56}},"22":{"start":{"line":78,"column":20},"end":{"line":78,"column":31}},"23":{"start":{"line":80,"column":6},"end":{"line":85,"column":7}},"24":{"start":{"line":81,"column":8},"end":{"line":84,"column":11}},"25":{"start":{"line":86,"column":6},"end":{"line":89,"column":9}},"26":{"start":{"line":91,"column":6},"end":{"line":94,"column":9}},"27":{"start":{"line":100,"column":4},"end":{"line":123,"column":5}},"28":{"start":{"line":101,"column":20},"end":{"line":104,"column":7}},"29":{"start":{"line":105,"column":21},"end":{"line":105,"column":56}},"30":{"start":{"line":106,"column":20},"end":{"line":106,"column":31}},"31":{"start":{"line":108,"column":6},"end":{"line":113,"column":7}},"32":{"start":{"line":109,"column":8},"end":{"line":112,"column":11}},"33":{"start":{"line":114,"column":6},"end":{"line":117,"column":9}},"34":{"start":{"line":119,"column":6},"end":{"line":122,"column":9}},"35":{"start":{"line":128,"column":4},"end":{"line":138,"column":5}},"36":{"start":{"line":129,"column":6},"end":{"line":132,"column":9}},"37":{"start":{"line":134,"column":6},"end":{"line":137,"column":9}},"38":{"start":{"line":143,"column":4},"end":{"line":163,"column":5}},"39":{"start":{"line":144,"column":20},"end":{"line":147,"column":7}},"40":{"start":{"line":148,"column":21},"end":{"line":148,"column":56}},"41":{"start":{"line":149,"column":22},"end":{"line":149,"column":36}},"42":{"start":{"line":151,"column":6},"end":{"line":157,"column":9}},"43":{"start":{"line":159,"column":6},"end":{"line":162,"column":9}},"44":{"start":{"line":166,"column":0},"end":{"line":166,"column":34}}},"fnMap":{"0":{"name":"_interopRequireDefault","decl":{"start":{"line":11,"column":9},"end":{"line":11,"column":31}},"loc":{"start":{"line":11,"column":37},"end":{"line":11,"column":95}},"line":11},"1":{"name":"(anonymous_1)","decl":{"start":{"line":15,"column":2},"end":{"line":15,"column":3}},"loc":{"start":{"line":15,"column":33},"end":{"line":49,"column":3}},"line":15},"2":{"name":"(anonymous_2)","decl":{"start":{"line":52,"column":2},"end":{"line":52,"column":3}},"loc":{"start":{"line":52,"column":34},"end":{"line":68,"column":3}},"line":52},"3":{"name":"(anonymous_3)","decl":{"start":{"line":71,"column":2},"end":{"line":71,"column":3}},"loc":{"start":{"line":71,"column":45},"end":{"line":96,"column":3}},"line":71},"4":{"name":"(anonymous_4)","decl":{"start":{"line":99,"column":2},"end":{"line":99,"column":3}},"loc":{"start":{"line":99,"column":50},"end":{"line":124,"column":3}},"line":99},"5":{"name":"(anonymous_5)","decl":{"start":{"line":127,"column":2},"end":{"line":127,"column":3}},"loc":{"start":{"line":127,"column":34},"end":{"line":139,"column":3}},"line":127},"6":{"name":"(anonymous_6)","decl":{"start":{"line":142,"column":2},"end":{"line":142,"column":3}},"loc":{"start":{"line":142,"column":37},"end":{"line":164,"column":3}},"line":142}},"branchMap":{"0":{"loc":{"start":{"line":11,"column":46},"end":{"line":11,"column":92}},"type":"cond-expr","locations":[{"start":{"line":11,"column":70},"end":{"line":11,"column":73}},{"start":{"line":11,"column":76},"end":{"line":11,"column":92}}],"line":11},"1":{"loc":{"start":{"line":11,"column":46},"end":{"line":11,"column":67}},"type":"binary-expr","locations":[{"start":{"line":11,"column":46},"end":{"line":11,"column":49}},{"start":{"line":11,"column":53},"end":{"line":11,"column":67}}],"line":11},"2":{"loc":{"start":{"line":80,"column":6},"end":{"line":85,"column":7}},"type":"if","locations":[{"start":{"line":80,"column":6},"end":{"line":85,"column":7}},{"start":{"line":80,"column":6},"end":{"line":85,"column":7}}],"line":80},"3":{"loc":{"start":{"line":108,"column":6},"end":{"line":113,"column":7}},"type":"if","locations":[{"start":{"line":108,"column":6},"end":{"line":113,"column":7}},{"start":{"line":108,"column":6},"end":{"line":113,"column":7}}],"line":108}},"s":{"0":1,"1":1,"2":1,"3":1,"4":2,"5":2,"6":2,"7":2,"8":2,"9":2,"10":2,"11":2,"12":0,"13":1,"14":1,"15":1,"16":1,"17":1,"18":0,"19":2,"20":2,"21":2,"22":2,"23":2,"24":1,"25":1,"26":0,"27":2,"28":2,"29":2,"30":2,"31":2,"32":1,"33":1,"34":0,"35":1,"36":1,"37":0,"38":1,"39":1,"40":1,"41":1,"42":1,"43":0,"44":1},"f":{"0":1,"1":2,"2":1,"3":2,"4":2,"5":1,"6":1},"b":{"0":[1,0],"1":[1,1],"2":[1,1],"3":[1,1]},"_coverageSchema":"43e27e138ebf9cfc5966b082cf9a028302ed4184","hash":"111a170dedd10ab739da71e8db58dba674f859ca","contentHash":"eec751f78cdc63ac26fd4b0efa831a81a6ed631b471fc7832e02a4c1e35b6375"},"/Users/mac/Desktop/Wayfarer/server/Controllers/buses.js":{"path":"/Users/mac/Desktop/Wayfarer/server/Controllers/buses.js","statementMap":{"0":{"start":{"line":3,"column":0},"end":{"line":5,"column":3}},"1":{"start":{"line":7,"column":14},"end":{"line":7,"column":37}},"2":{"start":{"line":9,"column":15},"end":{"line":9,"column":46}},"3":{"start":{"line":11,"column":39},"end":{"line":11,"column":93}},"4":{"start":{"line":16,"column":4},"end":{"line":43,"column":5}},"5":{"start":{"line":17,"column":20},"end":{"line":20,"column":7}},"6":{"start":{"line":22,"column":21},"end":{"line":22,"column":56}},"7":{"start":{"line":23,"column":18},"end":{"line":23,"column":32}},"8":{"start":{"line":25,"column":6},"end":{"line":36,"column":9}},"9":{"start":{"line":38,"column":6},"end":{"line":38,"column":25}},"10":{"start":{"line":39,"column":6},"end":{"line":42,"column":9}},"11":{"start":{"line":48,"column":4},"end":{"line":61,"column":5}},"12":{"start":{"line":49,"column":20},"end":{"line":49,"column":51}},"13":{"start":{"line":50,"column":21},"end":{"line":50,"column":56}},"14":{"start":{"line":51,"column":20},"end":{"line":51,"column":31}},"15":{"start":{"line":52,"column":6},"end":{"line":55,"column":9}},"16":{"start":{"line":57,"column":6},"end":{"line":60,"column":9}},"17":{"start":{"line":66,"column":4},"end":{"line":89,"column":5}},"18":{"start":{"line":67,"column":20},"end":{"line":70,"column":7}},"19":{"start":{"line":71,"column":21},"end":{"line":71,"column":56}},"20":{"start":{"line":72,"column":18},"end":{"line":72,"column":29}},"21":{"start":{"line":74,"column":6},"end":{"line":79,"column":7}},"22":{"start":{"line":75,"column":8},"end":{"line":78,"column":11}},"23":{"start":{"line":80,"column":6},"end":{"line":83,"column":9}},"24":{"start":{"line":85,"column":6},"end":{"line":88,"column":9}},"25":{"start":{"line":92,"column":0},"end":{"line":92,"column":34}}},"fnMap":{"0":{"name":"_interopRequireDefault","decl":{"start":{"line":11,"column":9},"end":{"line":11,"column":31}},"loc":{"start":{"line":11,"column":37},"end":{"line":11,"column":95}},"line":11},"1":{"name":"(anonymous_1)","decl":{"start":{"line":15,"column":2},"end":{"line":15,"column":3}},"loc":{"start":{"line":15,"column":32},"end":{"line":44,"column":3}},"line":15},"2":{"name":"(anonymous_2)","decl":{"start":{"line":47,"column":2},"end":{"line":47,"column":3}},"loc":{"start":{"line":47,"column":37},"end":{"line":62,"column":3}},"line":47},"3":{"name":"(anonymous_3)","decl":{"start":{"line":65,"column":2},"end":{"line":65,"column":3}},"loc":{"start":{"line":65,"column":33},"end":{"line":90,"column":3}},"line":65}},"branchMap":{"0":{"loc":{"start":{"line":11,"column":46},"end":{"line":11,"column":92}},"type":"cond-expr","locations":[{"start":{"line":11,"column":70},"end":{"line":11,"column":73}},{"start":{"line":11,"column":76},"end":{"line":11,"column":92}}],"line":11},"1":{"loc":{"start":{"line":11,"column":46},"end":{"line":11,"column":67}},"type":"binary-expr","locations":[{"start":{"line":11,"column":46},"end":{"line":11,"column":49}},{"start":{"line":11,"column":53},"end":{"line":11,"column":67}}],"line":11},"2":{"loc":{"start":{"line":74,"column":6},"end":{"line":79,"column":7}},"type":"if","locations":[{"start":{"line":74,"column":6},"end":{"line":79,"column":7}},{"start":{"line":74,"column":6},"end":{"line":79,"column":7}}],"line":74}},"s":{"0":1,"1":1,"2":1,"3":1,"4":1,"5":1,"6":1,"7":1,"8":1,"9":0,"10":0,"11":1,"12":1,"13":1,"14":1,"15":1,"16":0,"17":1,"18":1,"19":1,"20":1,"21":1,"22":0,"23":1,"24":0,"25":1},"f":{"0":1,"1":1,"2":1,"3":1},"b":{"0":[1,0],"1":[1,1],"2":[0,1]},"_coverageSchema":"43e27e138ebf9cfc5966b082cf9a028302ed4184","hash":"6b99a954cb49adb71bfadfe9b246414dd92f769c","contentHash":"b91d48919c83c07986ea7dee53c9b87bb09f8d55dc129e8bfc654236f4148932"},"/Users/mac/Desktop/Wayfarer/server/Controllers/bookings.js":{"path":"/Users/mac/Desktop/Wayfarer/server/Controllers/bookings.js","statementMap":{"0":{"start":{"line":3,"column":0},"end":{"line":5,"column":3}},"1":{"start":{"line":7,"column":14},"end":{"line":7,"column":37}},"2":{"start":{"line":9,"column":15},"end":{"line":9,"column":46}},"3":{"start":{"line":11,"column":39},"end":{"line":11,"column":93}},"4":{"start":{"line":13,"column":20},"end":{"line":13,"column":71}},"5":{"start":{"line":17,"column":4},"end":{"line":51,"column":5}},"6":{"start":{"line":18,"column":20},"end":{"line":21,"column":7}},"7":{"start":{"line":22,"column":23},"end":{"line":25,"column":7}},"8":{"start":{"line":27,"column":21},"end":{"line":27,"column":56}},"9":{"start":{"line":28,"column":22},"end":{"line":28,"column":36}},"10":{"start":{"line":29,"column":21},"end":{"line":29,"column":59}},"11":{"start":{"line":30,"column":19},"end":{"line":30,"column":33}},"12":{"start":{"line":32,"column":6},"end":{"line":45,"column":9}},"13":{"start":{"line":47,"column":6},"end":{"line":50,"column":9}},"14":{"start":{"line":56,"column":4},"end":{"line":73,"column":5}},"15":{"start":{"line":57,"column":20},"end":{"line":60,"column":44}},"16":{"start":{"line":61,"column":21},"end":{"line":61,"column":56}},"17":{"start":{"line":62,"column":23},"end":{"line":62,"column":34}},"18":{"start":{"line":64,"column":6},"end":{"line":67,"column":9}},"19":{"start":{"line":69,"column":6},"end":{"line":72,"column":9}},"20":{"start":{"line":78,"column":4},"end":{"line":89,"column":5}},"21":{"start":{"line":79,"column":6},"end":{"line":82,"column":9}},"22":{"start":{"line":84,"column":6},"end":{"line":84,"column":25}},"23":{"start":{"line":85,"column":6},"end":{"line":88,"column":9}},"24":{"start":{"line":94,"column":4},"end":{"line":114,"column":5}},"25":{"start":{"line":95,"column":20},"end":{"line":98,"column":7}},"26":{"start":{"line":99,"column":21},"end":{"line":99,"column":56}},"27":{"start":{"line":100,"column":22},"end":{"line":100,"column":36}},"28":{"start":{"line":102,"column":6},"end":{"line":108,"column":9}},"29":{"start":{"line":110,"column":6},"end":{"line":113,"column":9}},"30":{"start":{"line":119,"column":4},"end":{"line":140,"column":5}},"31":{"start":{"line":120,"column":26},"end":{"line":126,"column":7}},"32":{"start":{"line":127,"column":6},"end":{"line":127,"column":48}},"33":{"start":{"line":129,"column":6},"end":{"line":134,"column":9}},"34":{"start":{"line":136,"column":6},"end":{"line":139,"column":9}},"35":{"start":{"line":143,"column":0},"end":{"line":143,"column":37}}},"fnMap":{"0":{"name":"_interopRequireDefault","decl":{"start":{"line":11,"column":9},"end":{"line":11,"column":31}},"loc":{"start":{"line":11,"column":37},"end":{"line":11,"column":95}},"line":11},"1":{"name":"(anonymous_1)","decl":{"start":{"line":16,"column":2},"end":{"line":16,"column":3}},"loc":{"start":{"line":16,"column":34},"end":{"line":52,"column":3}},"line":16},"2":{"name":"(anonymous_2)","decl":{"start":{"line":55,"column":2},"end":{"line":55,"column":3}},"loc":{"start":{"line":55,"column":40},"end":{"line":74,"column":3}},"line":55},"3":{"name":"(anonymous_3)","decl":{"start":{"line":77,"column":2},"end":{"line":77,"column":3}},"loc":{"start":{"line":77,"column":37},"end":{"line":90,"column":3}},"line":77},"4":{"name":"(anonymous_4)","decl":{"start":{"line":93,"column":2},"end":{"line":93,"column":3}},"loc":{"start":{"line":93,"column":40},"end":{"line":115,"column":3}},"line":93},"5":{"name":"(anonymous_5)","decl":{"start":{"line":118,"column":2},"end":{"line":118,"column":3}},"loc":{"start":{"line":118,"column":40},"end":{"line":141,"column":3}},"line":118}},"branchMap":{"0":{"loc":{"start":{"line":11,"column":46},"end":{"line":11,"column":92}},"type":"cond-expr","locations":[{"start":{"line":11,"column":70},"end":{"line":11,"column":73}},{"start":{"line":11,"column":76},"end":{"line":11,"column":92}}],"line":11},"1":{"loc":{"start":{"line":11,"column":46},"end":{"line":11,"column":67}},"type":"binary-expr","locations":[{"start":{"line":11,"column":46},"end":{"line":11,"column":49}},{"start":{"line":11,"column":53},"end":{"line":11,"column":67}}],"line":11},"2":{"loc":{"start":{"line":57,"column":20},"end":{"line":60,"column":44}},"type":"cond-expr","locations":[{"start":{"line":57,"column":50},"end":{"line":60,"column":7}},{"start":{"line":60,"column":10},"end":{"line":60,"column":44}}],"line":57},"3":{"loc":{"start":{"line":120,"column":26},"end":{"line":126,"column":7}},"type":"cond-expr","locations":[{"start":{"line":120,"column":55},"end":{"line":123,"column":7}},{"start":{"line":123,"column":10},"end":{"line":126,"column":7}}],"line":120}},"s":{"0":1,"1":1,"2":1,"3":1,"4":1,"5":1,"6":1,"7":1,"8":1,"9":1,"10":1,"11":1,"12":1,"13":0,"14":2,"15":2,"16":2,"17":2,"18":2,"19":0,"20":2,"21":2,"22":0,"23":0,"24":1,"25":1,"26":1,"27":1,"28":1,"29":0,"30":0,"31":0,"32":0,"33":0,"34":0,"35":1},"f":{"0":1,"1":1,"2":2,"3":2,"4":1,"5":0},"b":{"0":[1,0],"1":[1,1],"2":[1,1],"3":[0,0]},"_coverageSchema":"43e27e138ebf9cfc5966b082cf9a028302ed4184","hash":"591021cc920402d8a7671acb390160d4f389741f","contentHash":"25b70d271d41f21a30e3be0eed7b5278484cc226551018c62c3372f0be3ee15d"},"/Users/mac/Desktop/Wayfarer/server/Middleware/validateInputs.js":{"path":"/Users/mac/Desktop/Wayfarer/server/Middleware/validateInputs.js","statementMap":{"0":{"start":{"line":3,"column":0},"end":{"line":5,"column":3}},"1":{"start":{"line":7,"column":14},"end":{"line":7,"column":31}},"2":{"start":{"line":9,"column":15},"end":{"line":9,"column":46}},"3":{"start":{"line":11,"column":14},"end":{"line":11,"column":37}},"4":{"start":{"line":13,"column":15},"end":{"line":13,"column":46}},"5":{"start":{"line":15,"column":39},"end":{"line":15,"column":93}},"6":{"start":{"line":17,"column":23},"end":{"line":327,"column":1}},"7":{"start":{"line":19,"column":24},"end":{"line":19,"column":179}},"8":{"start":{"line":20,"column":21},"end":{"line":20,"column":69}},"9":{"start":{"line":21,"column":18},"end":{"line":21,"column":72}},"10":{"start":{"line":22,"column":18},"end":{"line":25,"column":5}},"11":{"start":{"line":26,"column":19},"end":{"line":26,"column":54}},"12":{"start":{"line":27,"column":17},"end":{"line":27,"column":28}},"13":{"start":{"line":29,"column":4},"end":{"line":34,"column":5}},"14":{"start":{"line":30,"column":6},"end":{"line":33,"column":9}},"15":{"start":{"line":36,"column":4},"end":{"line":43,"column":5}},"16":{"start":{"line":36,"column":17},"end":{"line":36,"column":18}},"17":{"start":{"line":37,"column":6},"end":{"line":42,"column":7}},"18":{"start":{"line":38,"column":8},"end":{"line":41,"column":11}},"19":{"start":{"line":45,"column":4},"end":{"line":50,"column":5}},"20":{"start":{"line":46,"column":6},"end":{"line":49,"column":9}},"21":{"start":{"line":52,"column":4},"end":{"line":57,"column":5}},"22":{"start":{"line":53,"column":6},"end":{"line":56,"column":9}},"23":{"start":{"line":59,"column":4},"end":{"line":64,"column":5}},"24":{"start":{"line":60,"column":6},"end":{"line":63,"column":9}},"25":{"start":{"line":65,"column":4},"end":{"line":65,"column":18}},"26":{"start":{"line":69,"column":24},"end":{"line":69,"column":179}},"27":{"start":{"line":70,"column":21},"end":{"line":70,"column":42}},"28":{"start":{"line":71,"column":18},"end":{"line":71,"column":72}},"29":{"start":{"line":73,"column":4},"end":{"line":78,"column":5}},"30":{"start":{"line":74,"column":6},"end":{"line":77,"column":9}},"31":{"start":{"line":80,"column":18},"end":{"line":80,"column":100}},"32":{"start":{"line":81,"column":19},"end":{"line":81,"column":54}},"33":{"start":{"line":82,"column":17},"end":{"line":82,"column":31}},"34":{"start":{"line":84,"column":4},"end":{"line":89,"column":5}},"35":{"start":{"line":85,"column":6},"end":{"line":88,"column":9}},"36":{"start":{"line":91,"column":4},"end":{"line":98,"column":5}},"37":{"start":{"line":91,"column":17},"end":{"line":91,"column":18}},"38":{"start":{"line":92,"column":6},"end":{"line":97,"column":7}},"39":{"start":{"line":93,"column":8},"end":{"line":96,"column":11}},"40":{"start":{"line":100,"column":4},"end":{"line":105,"column":5}},"41":{"start":{"line":101,"column":6},"end":{"line":104,"column":9}},"42":{"start":{"line":107,"column":18},"end":{"line":107,"column":80}},"43":{"start":{"line":108,"column":4},"end":{"line":113,"column":5}},"44":{"start":{"line":109,"column":6},"end":{"line":112,"column":9}},"45":{"start":{"line":115,"column":4},"end":{"line":115,"column":18}},"46":{"start":{"line":119,"column":4},"end":{"line":124,"column":5}},"47":{"start":{"line":120,"column":6},"end":{"line":123,"column":9}},"48":{"start":{"line":125,"column":4},"end":{"line":125,"column":18}},"49":{"start":{"line":129,"column":21},"end":{"line":129,"column":82}},"50":{"start":{"line":130,"column":18},"end":{"line":133,"column":5}},"51":{"start":{"line":134,"column":19},"end":{"line":134,"column":54}},"52":{"start":{"line":135,"column":16},"end":{"line":135,"column":27}},"53":{"start":{"line":137,"column":4},"end":{"line":142,"column":5}},"54":{"start":{"line":138,"column":6},"end":{"line":141,"column":9}},"55":{"start":{"line":144,"column":4},"end":{"line":151,"column":5}},"56":{"start":{"line":144,"column":17},"end":{"line":144,"column":18}},"57":{"start":{"line":145,"column":6},"end":{"line":150,"column":7}},"58":{"start":{"line":146,"column":8},"end":{"line":149,"column":11}},"59":{"start":{"line":153,"column":4},"end":{"line":158,"column":5}},"60":{"start":{"line":154,"column":6},"end":{"line":157,"column":9}},"61":{"start":{"line":160,"column":4},"end":{"line":165,"column":5}},"62":{"start":{"line":161,"column":6},"end":{"line":164,"column":9}},"63":{"start":{"line":166,"column":4},"end":{"line":166,"column":18}},"64":{"start":{"line":170,"column":18},"end":{"line":174,"column":5}},"65":{"start":{"line":175,"column":19},"end":{"line":175,"column":54}},"66":{"start":{"line":176,"column":17},"end":{"line":176,"column":31}},"67":{"start":{"line":177,"column":4},"end":{"line":177,"column":20}},"68":{"start":{"line":179,"column":4},"end":{"line":184,"column":5}},"69":{"start":{"line":180,"column":6},"end":{"line":183,"column":9}},"70":{"start":{"line":186,"column":4},"end":{"line":186,"column":18}},"71":{"start":{"line":190,"column":21},"end":{"line":190,"column":77}},"72":{"start":{"line":191,"column":18},"end":{"line":194,"column":5}},"73":{"start":{"line":195,"column":20},"end":{"line":198,"column":5}},"74":{"start":{"line":199,"column":19},"end":{"line":199,"column":54}},"75":{"start":{"line":200,"column":17},"end":{"line":200,"column":28}},"76":{"start":{"line":201,"column":19},"end":{"line":201,"column":56}},"77":{"start":{"line":202,"column":16},"end":{"line":202,"column":30}},"78":{"start":{"line":204,"column":4},"end":{"line":209,"column":5}},"79":{"start":{"line":205,"column":6},"end":{"line":208,"column":9}},"80":{"start":{"line":211,"column":4},"end":{"line":218,"column":5}},"81":{"start":{"line":211,"column":17},"end":{"line":211,"column":18}},"82":{"start":{"line":212,"column":6},"end":{"line":217,"column":7}},"83":{"start":{"line":213,"column":8},"end":{"line":216,"column":11}},"84":{"start":{"line":220,"column":4},"end":{"line":225,"column":5}},"85":{"start":{"line":221,"column":6},"end":{"line":224,"column":9}},"86":{"start":{"line":227,"column":4},"end":{"line":232,"column":5}},"87":{"start":{"line":228,"column":6},"end":{"line":231,"column":9}},"88":{"start":{"line":234,"column":4},"end":{"line":234,"column":18}},"89":{"start":{"line":238,"column":21},"end":{"line":238,"column":47}},"90":{"start":{"line":239,"column":18},"end":{"line":242,"column":5}},"91":{"start":{"line":243,"column":26},"end":{"line":246,"column":5}},"92":{"start":{"line":247,"column":19},"end":{"line":247,"column":54}},"93":{"start":{"line":248,"column":20},"end":{"line":248,"column":34}},"94":{"start":{"line":249,"column":24},"end":{"line":249,"column":67}},"95":{"start":{"line":250,"column":21},"end":{"line":250,"column":40}},"96":{"start":{"line":252,"column":4},"end":{"line":257,"column":5}},"97":{"start":{"line":253,"column":6},"end":{"line":256,"column":9}},"98":{"start":{"line":259,"column":4},"end":{"line":266,"column":5}},"99":{"start":{"line":259,"column":17},"end":{"line":259,"column":18}},"100":{"start":{"line":260,"column":6},"end":{"line":265,"column":7}},"101":{"start":{"line":261,"column":8},"end":{"line":264,"column":11}},"102":{"start":{"line":268,"column":4},"end":{"line":273,"column":5}},"103":{"start":{"line":269,"column":6},"end":{"line":272,"column":9}},"104":{"start":{"line":275,"column":4},"end":{"line":280,"column":5}},"105":{"start":{"line":276,"column":6},"end":{"line":279,"column":9}},"106":{"start":{"line":282,"column":4},"end":{"line":287,"column":5}},"107":{"start":{"line":283,"column":6},"end":{"line":286,"column":9}},"108":{"start":{"line":289,"column":4},"end":{"line":294,"column":5}},"109":{"start":{"line":290,"column":6},"end":{"line":293,"column":9}},"110":{"start":{"line":296,"column":4},"end":{"line":296,"column":18}},"111":{"start":{"line":300,"column":18},"end":{"line":306,"column":5}},"112":{"start":{"line":307,"column":19},"end":{"line":307,"column":54}},"113":{"start":{"line":308,"column":20},"end":{"line":308,"column":34}},"114":{"start":{"line":309,"column":4},"end":{"line":309,"column":26}},"115":{"start":{"line":311,"column":4},"end":{"line":316,"column":5}},"116":{"start":{"line":312,"column":6},"end":{"line":315,"column":9}},"117":{"start":{"line":318,"column":4},"end":{"line":323,"column":5}},"118":{"start":{"line":319,"column":6},"end":{"line":322,"column":9}},"119":{"start":{"line":325,"column":4},"end":{"line":325,"column":18}},"120":{"start":{"line":329,"column":0},"end":{"line":329,"column":33}}},"fnMap":{"0":{"name":"_interopRequireDefault","decl":{"start":{"line":15,"column":9},"end":{"line":15,"column":31}},"loc":{"start":{"line":15,"column":37},"end":{"line":15,"column":95}},"line":15},"1":{"name":"(anonymous_1)","decl":{"start":{"line":18,"column":2},"end":{"line":18,"column":3}},"loc":{"start":{"line":18,"column":30},"end":{"line":66,"column":3}},"line":18},"2":{"name":"(anonymous_2)","decl":{"start":{"line":68,"column":2},"end":{"line":68,"column":3}},"loc":{"start":{"line":68,"column":34},"end":{"line":116,"column":3}},"line":68},"3":{"name":"(anonymous_3)","decl":{"start":{"line":118,"column":2},"end":{"line":118,"column":3}},"loc":{"start":{"line":118,"column":35},"end":{"line":126,"column":3}},"line":118},"4":{"name":"(anonymous_4)","decl":{"start":{"line":128,"column":2},"end":{"line":128,"column":3}},"loc":{"start":{"line":128,"column":30},"end":{"line":167,"column":3}},"line":128},"5":{"name":"(anonymous_5)","decl":{"start":{"line":169,"column":2},"end":{"line":169,"column":3}},"loc":{"start":{"line":169,"column":30},"end":{"line":187,"column":3}},"line":169},"6":{"name":"(anonymous_6)","decl":{"start":{"line":189,"column":2},"end":{"line":189,"column":3}},"loc":{"start":{"line":189,"column":33},"end":{"line":235,"column":3}},"line":189},"7":{"name":"(anonymous_7)","decl":{"start":{"line":237,"column":2},"end":{"line":237,"column":3}},"loc":{"start":{"line":237,"column":36},"end":{"line":297,"column":3}},"line":237},"8":{"name":"(anonymous_8)","decl":{"start":{"line":299,"column":2},"end":{"line":299,"column":3}},"loc":{"start":{"line":299,"column":33},"end":{"line":326,"column":3}},"line":299}},"branchMap":{"0":{"loc":{"start":{"line":15,"column":46},"end":{"line":15,"column":92}},"type":"cond-expr","locations":[{"start":{"line":15,"column":70},"end":{"line":15,"column":73}},{"start":{"line":15,"column":76},"end":{"line":15,"column":92}}],"line":15},"1":{"loc":{"start":{"line":15,"column":46},"end":{"line":15,"column":67}},"type":"binary-expr","locations":[{"start":{"line":15,"column":46},"end":{"line":15,"column":49}},{"start":{"line":15,"column":53},"end":{"line":15,"column":67}}],"line":15},"2":{"loc":{"start":{"line":29,"column":4},"end":{"line":34,"column":5}},"type":"if","locations":[{"start":{"line":29,"column":4},"end":{"line":34,"column":5}},{"start":{"line":29,"column":4},"end":{"line":34,"column":5}}],"line":29},"3":{"loc":{"start":{"line":37,"column":6},"end":{"line":42,"column":7}},"type":"if","locations":[{"start":{"line":37,"column":6},"end":{"line":42,"column":7}},{"start":{"line":37,"column":6},"end":{"line":42,"column":7}}],"line":37},"4":{"loc":{"start":{"line":45,"column":4},"end":{"line":50,"column":5}},"type":"if","locations":[{"start":{"line":45,"column":4},"end":{"line":50,"column":5}},{"start":{"line":45,"column":4},"end":{"line":50,"column":5}}],"line":45},"5":{"loc":{"start":{"line":52,"column":4},"end":{"line":57,"column":5}},"type":"if","locations":[{"start":{"line":52,"column":4},"end":{"line":57,"column":5}},{"start":{"line":52,"column":4},"end":{"line":57,"column":5}}],"line":52},"6":{"loc":{"start":{"line":59,"column":4},"end":{"line":64,"column":5}},"type":"if","locations":[{"start":{"line":59,"column":4},"end":{"line":64,"column":5}},{"start":{"line":59,"column":4},"end":{"line":64,"column":5}}],"line":59},"7":{"loc":{"start":{"line":73,"column":4},"end":{"line":78,"column":5}},"type":"if","locations":[{"start":{"line":73,"column":4},"end":{"line":78,"column":5}},{"start":{"line":73,"column":4},"end":{"line":78,"column":5}}],"line":73},"8":{"loc":{"start":{"line":73,"column":8},"end":{"line":73,"column":32}},"type":"binary-expr","locations":[{"start":{"line":73,"column":8},"end":{"line":73,"column":22}},{"start":{"line":73,"column":26},"end":{"line":73,"column":32}}],"line":73},"9":{"loc":{"start":{"line":84,"column":4},"end":{"line":89,"column":5}},"type":"if","locations":[{"start":{"line":84,"column":4},"end":{"line":89,"column":5}},{"start":{"line":84,"column":4},"end":{"line":89,"column":5}}],"line":84},"10":{"loc":{"start":{"line":92,"column":6},"end":{"line":97,"column":7}},"type":"if","locations":[{"start":{"line":92,"column":6},"end":{"line":97,"column":7}},{"start":{"line":92,"column":6},"end":{"line":97,"column":7}}],"line":92},"11":{"loc":{"start":{"line":100,"column":4},"end":{"line":105,"column":5}},"type":"if","locations":[{"start":{"line":100,"column":4},"end":{"line":105,"column":5}},{"start":{"line":100,"column":4},"end":{"line":105,"column":5}}],"line":100},"12":{"loc":{"start":{"line":108,"column":4},"end":{"line":113,"column":5}},"type":"if","locations":[{"start":{"line":108,"column":4},"end":{"line":113,"column":5}},{"start":{"line":108,"column":4},"end":{"line":113,"column":5}}],"line":108},"13":{"loc":{"start":{"line":119,"column":4},"end":{"line":124,"column":5}},"type":"if","locations":[{"start":{"line":119,"column":4},"end":{"line":124,"column":5}},{"start":{"line":119,"column":4},"end":{"line":124,"column":5}}],"line":119},"14":{"loc":{"start":{"line":137,"column":4},"end":{"line":142,"column":5}},"type":"if","locations":[{"start":{"line":137,"column":4},"end":{"line":142,"column":5}},{"start":{"line":137,"column":4},"end":{"line":142,"column":5}}],"line":137},"15":{"loc":{"start":{"line":145,"column":6},"end":{"line":150,"column":7}},"type":"if","locations":[{"start":{"line":145,"column":6},"end":{"line":150,"column":7}},{"start":{"line":145,"column":6},"end":{"line":150,"column":7}}],"line":145},"16":{"loc":{"start":{"line":153,"column":4},"end":{"line":158,"column":5}},"type":"if","locations":[{"start":{"line":153,"column":4},"end":{"line":158,"column":5}},{"start":{"line":153,"column":4},"end":{"line":158,"column":5}}],"line":153},"17":{"loc":{"start":{"line":160,"column":4},"end":{"line":165,"column":5}},"type":"if","locations":[{"start":{"line":160,"column":4},"end":{"line":165,"column":5}},{"start":{"line":160,"column":4},"end":{"line":165,"column":5}}],"line":160},"18":{"loc":{"start":{"line":179,"column":4},"end":{"line":184,"column":5}},"type":"if","locations":[{"start":{"line":179,"column":4},"end":{"line":184,"column":5}},{"start":{"line":179,"column":4},"end":{"line":184,"column":5}}],"line":179},"19":{"loc":{"start":{"line":204,"column":4},"end":{"line":209,"column":5}},"type":"if","locations":[{"start":{"line":204,"column":4},"end":{"line":209,"column":5}},{"start":{"line":204,"column":4},"end":{"line":209,"column":5}}],"line":204},"20":{"loc":{"start":{"line":212,"column":6},"end":{"line":217,"column":7}},"type":"if","locations":[{"start":{"line":212,"column":6},"end":{"line":217,"column":7}},{"start":{"line":212,"column":6},"end":{"line":217,"column":7}}],"line":212},"21":{"loc":{"start":{"line":220,"column":4},"end":{"line":225,"column":5}},"type":"if","locations":[{"start":{"line":220,"column":4},"end":{"line":225,"column":5}},{"start":{"line":220,"column":4},"end":{"line":225,"column":5}}],"line":220},"22":{"loc":{"start":{"line":227,"column":4},"end":{"line":232,"column":5}},"type":"if","locations":[{"start":{"line":227,"column":4},"end":{"line":232,"column":5}},{"start":{"line":227,"column":4},"end":{"line":232,"column":5}}],"line":227},"23":{"loc":{"start":{"line":252,"column":4},"end":{"line":257,"column":5}},"type":"if","locations":[{"start":{"line":252,"column":4},"end":{"line":257,"column":5}},{"start":{"line":252,"column":4},"end":{"line":257,"column":5}}],"line":252},"24":{"loc":{"start":{"line":260,"column":6},"end":{"line":265,"column":7}},"type":"if","locations":[{"start":{"line":260,"column":6},"end":{"line":265,"column":7}},{"start":{"line":260,"column":6},"end":{"line":265,"column":7}}],"line":260},"25":{"loc":{"start":{"line":268,"column":4},"end":{"line":273,"column":5}},"type":"if","locations":[{"start":{"line":268,"column":4},"end":{"line":273,"column":5}},{"start":{"line":268,"column":4},"end":{"line":273,"column":5}}],"line":268},"26":{"loc":{"start":{"line":275,"column":4},"end":{"line":280,"column":5}},"type":"if","locations":[{"start":{"line":275,"column":4},"end":{"line":280,"column":5}},{"start":{"line":275,"column":4},"end":{"line":280,"column":5}}],"line":275},"27":{"loc":{"start":{"line":282,"column":4},"end":{"line":287,"column":5}},"type":"if","locations":[{"start":{"line":282,"column":4},"end":{"line":287,"column":5}},{"start":{"line":282,"column":4},"end":{"line":287,"column":5}}],"line":282},"28":{"loc":{"start":{"line":289,"column":4},"end":{"line":294,"column":5}},"type":"if","locations":[{"start":{"line":289,"column":4},"end":{"line":294,"column":5}},{"start":{"line":289,"column":4},"end":{"line":294,"column":5}}],"line":289},"29":{"loc":{"start":{"line":300,"column":18},"end":{"line":306,"column":5}},"type":"cond-expr","locations":[{"start":{"line":300,"column":47},"end":{"line":303,"column":5}},{"start":{"line":303,"column":8},"end":{"line":306,"column":5}}],"line":300},"30":{"loc":{"start":{"line":311,"column":4},"end":{"line":316,"column":5}},"type":"if","locations":[{"start":{"line":311,"column":4},"end":{"line":316,"column":5}},{"start":{"line":311,"column":4},"end":{"line":316,"column":5}}],"line":311},"31":{"loc":{"start":{"line":311,"column":8},"end":{"line":311,"column":47}},"type":"binary-expr","locations":[{"start":{"line":311,"column":8},"end":{"line":311,"column":16}},{"start":{"line":311,"column":20},"end":{"line":311,"column":47}}],"line":311},"32":{"loc":{"start":{"line":318,"column":4},"end":{"line":323,"column":5}},"type":"if","locations":[{"start":{"line":318,"column":4},"end":{"line":323,"column":5}},{"start":{"line":318,"column":4},"end":{"line":323,"column":5}}],"line":318}},"s":{"0":1,"1":1,"2":1,"3":1,"4":1,"5":2,"6":1,"7":5,"8":5,"9":5,"10":5,"11":5,"12":5,"13":5,"14":1,"15":4,"16":4,"17":16,"18":1,"19":3,"20":0,"21":3,"22":1,"23":2,"24":1,"25":1,"26":43,"27":43,"28":43,"29":43,"30":0,"31":43,"32":43,"33":43,"34":43,"35":0,"36":43,"37":43,"38":86,"39":1,"40":42,"41":1,"42":41,"43":41,"44":1,"45":40,"46":13,"47":4,"48":9,"49":5,"50":5,"51":5,"52":5,"53":5,"54":1,"55":4,"56":4,"57":16,"58":1,"59":3,"60":1,"61":2,"62":1,"63":1,"64":2,"65":2,"66":2,"67":2,"68":2,"69":0,"70":2,"71":5,"72":5,"73":5,"74":5,"75":5,"76":5,"77":5,"78":5,"79":1,"80":4,"81":4,"82":20,"83":1,"84":3,"85":1,"86":2,"87":0,"88":2,"89":5,"90":5,"91":5,"92":5,"93":5,"94":5,"95":5,"96":5,"97":1,"98":4,"99":4,"100":8,"101":1,"102":3,"103":1,"104":2,"105":0,"106":2,"107":1,"108":1,"109":0,"110":1,"111":5,"112":5,"113":5,"114":5,"115":5,"116":1,"117":4,"118":1,"119":3,"120":1},"f":{"0":2,"1":5,"2":43,"3":13,"4":5,"5":2,"6":5,"7":5,"8":5},"b":{"0":[1,1],"1":[2,2],"2":[1,4],"3":[1,15],"4":[0,3],"5":[1,2],"6":[1,1],"7":[0,43],"8":[43,43],"9":[0,43],"10":[1,85],"11":[1,41],"12":[1,40],"13":[4,9],"14":[1,4],"15":[1,15],"16":[1,2],"17":[1,1],"18":[0,2],"19":[1,4],"20":[1,19],"21":[1,2],"22":[0,2],"23":[1,4],"24":[1,7],"25":[1,2],"26":[0,2],"27":[1,1],"28":[0,1],"29":[2,3],"30":[1,4],"31":[5,2],"32":[1,3]},"_coverageSchema":"43e27e138ebf9cfc5966b082cf9a028302ed4184","hash":"190cb3c14c08e7db7be51e00dde1568323ede341","contentHash":"30c15c19af91a9dfce8a0ce18da5311eb4dfeb547ec9b38934f8c94c8dbb917e"},"/Users/mac/Desktop/Wayfarer/server/Test/b-buses.js":{"path":"/Users/mac/Desktop/Wayfarer/server/Test/b-buses.js","statementMap":{"0":{"start":{"line":3,"column":12},"end":{"line":3,"column":27}},"1":{"start":{"line":5,"column":13},"end":{"line":5,"column":42}},"2":{"start":{"line":7,"column":16},"end":{"line":7,"column":36}},"3":{"start":{"line":9,"column":17},"end":{"line":9,"column":50}},"4":{"start":{"line":11,"column":11},"end":{"line":11,"column":28}},"5":{"start":{"line":13,"column":12},"end":{"line":13,"column":40}},"6":{"start":{"line":15,"column":39},"end":{"line":15,"column":93}},"7":{"start":{"line":17,"column":0},"end":{"line":17,"column":39}},"8":{"start":{"line":18,"column":0},"end":{"line":18,"column":24}},"9":{"start":{"line":20,"column":12},"end":{"line":26,"column":1}},"10":{"start":{"line":27,"column":14},"end":{"line":30,"column":1}},"11":{"start":{"line":31,"column":14},"end":{"line":34,"column":1}},"12":{"start":{"line":36,"column":0},"end":{"line":241,"column":3}},"13":{"start":{"line":38,"column":2},"end":{"line":151,"column":5}},"14":{"start":{"line":39,"column":4},"end":{"line":56,"column":7}},"15":{"start":{"line":40,"column":6},"end":{"line":55,"column":9}},"16":{"start":{"line":41,"column":8},"end":{"line":41,"column":36}},"17":{"start":{"line":42,"column":8},"end":{"line":42,"column":40}},"18":{"start":{"line":43,"column":8},"end":{"line":43,"column":63}},"19":{"start":{"line":44,"column":8},"end":{"line":44,"column":46}},"20":{"start":{"line":45,"column":8},"end":{"line":45,"column":52}},"21":{"start":{"line":46,"column":26},"end":{"line":46,"column":39}},"22":{"start":{"line":48,"column":8},"end":{"line":54,"column":11}},"23":{"start":{"line":49,"column":10},"end":{"line":49,"column":39}},"24":{"start":{"line":50,"column":10},"end":{"line":50,"column":43}},"25":{"start":{"line":51,"column":10},"end":{"line":51,"column":64}},"26":{"start":{"line":52,"column":10},"end":{"line":52,"column":92}},"27":{"start":{"line":53,"column":10},"end":{"line":53,"column":17}},"28":{"start":{"line":58,"column":4},"end":{"line":80,"column":7}},"29":{"start":{"line":59,"column":6},"end":{"line":79,"column":9}},"30":{"start":{"line":60,"column":8},"end":{"line":60,"column":36}},"31":{"start":{"line":61,"column":8},"end":{"line":61,"column":40}},"32":{"start":{"line":62,"column":8},"end":{"line":62,"column":63}},"33":{"start":{"line":63,"column":8},"end":{"line":63,"column":46}},"34":{"start":{"line":64,"column":8},"end":{"line":64,"column":52}},"35":{"start":{"line":65,"column":26},"end":{"line":65,"column":39}},"36":{"start":{"line":67,"column":8},"end":{"line":78,"column":11}},"37":{"start":{"line":73,"column":10},"end":{"line":73,"column":39}},"38":{"start":{"line":74,"column":10},"end":{"line":74,"column":43}},"39":{"start":{"line":75,"column":10},"end":{"line":75,"column":64}},"40":{"start":{"line":76,"column":10},"end":{"line":76,"column":82}},"41":{"start":{"line":77,"column":10},"end":{"line":77,"column":17}},"42":{"start":{"line":82,"column":4},"end":{"line":105,"column":7}},"43":{"start":{"line":83,"column":6},"end":{"line":104,"column":9}},"44":{"start":{"line":84,"column":8},"end":{"line":84,"column":36}},"45":{"start":{"line":85,"column":8},"end":{"line":85,"column":40}},"46":{"start":{"line":86,"column":8},"end":{"line":86,"column":63}},"47":{"start":{"line":87,"column":8},"end":{"line":87,"column":46}},"48":{"start":{"line":88,"column":8},"end":{"line":88,"column":52}},"49":{"start":{"line":89,"column":26},"end":{"line":89,"column":39}},"50":{"start":{"line":91,"column":8},"end":{"line":103,"column":11}},"51":{"start":{"line":98,"column":10},"end":{"line":98,"column":39}},"52":{"start":{"line":99,"column":10},"end":{"line":99,"column":43}},"53":{"start":{"line":100,"column":10},"end":{"line":100,"column":64}},"54":{"start":{"line":101,"column":10},"end":{"line":101,"column":98}},"55":{"start":{"line":102,"column":10},"end":{"line":102,"column":17}},"56":{"start":{"line":107,"column":4},"end":{"line":131,"column":7}},"57":{"start":{"line":108,"column":6},"end":{"line":130,"column":9}},"58":{"start":{"line":109,"column":8},"end":{"line":109,"column":36}},"59":{"start":{"line":110,"column":8},"end":{"line":110,"column":40}},"60":{"start":{"line":111,"column":8},"end":{"line":111,"column":63}},"61":{"start":{"line":112,"column":8},"end":{"line":112,"column":46}},"62":{"start":{"line":113,"column":8},"end":{"line":113,"column":52}},"63":{"start":{"line":114,"column":26},"end":{"line":114,"column":39}},"64":{"start":{"line":116,"column":8},"end":{"line":129,"column":11}},"65":{"start":{"line":117,"column":10},"end":{"line":117,"column":39}},"66":{"start":{"line":118,"column":10},"end":{"line":118,"column":43}},"67":{"start":{"line":119,"column":10},"end":{"line":119,"column":66}},"68":{"start":{"line":120,"column":10},"end":{"line":120,"column":49}},"69":{"start":{"line":121,"column":10},"end":{"line":121,"column":56}},"70":{"start":{"line":122,"column":10},"end":{"line":122,"column":57}},"71":{"start":{"line":123,"column":10},"end":{"line":123,"column":62}},"72":{"start":{"line":124,"column":10},"end":{"line":124,"column":62}},"73":{"start":{"line":125,"column":10},"end":{"line":125,"column":55}},"74":{"start":{"line":126,"column":10},"end":{"line":126,"column":54}},"75":{"start":{"line":127,"column":10},"end":{"line":127,"column":58}},"76":{"start":{"line":128,"column":10},"end":{"line":128,"column":17}},"77":{"start":{"line":133,"column":4},"end":{"line":150,"column":7}},"78":{"start":{"line":134,"column":6},"end":{"line":149,"column":9}},"79":{"start":{"line":1
[...]
},"end":{"line":130,"column":40}},"84":{"start":{"line":131,"column":8},"end":{"line":131,"column":63}},"85":{"start":{"line":132,"column":8},"end":{"line":132,"column":46}},"86":{"start":{"line":133,"column":8},"end":{"line":133,"column":52}},"87":{"start":{"line":134,"column":26},"end":{"line":134,"column":39}},"88":{"start":{"line":136,"column":8},"end":{"line":145,"column":11}},"89":{"start":{"line":140,"column":10},"end":{"line":140,"column":39}},"90":{"start":{"line":141,"column":10},"end":{"line":141,"column":43}},"91":{"start":{"line":142,"column":10},"end":{"line":142,"column":64}},"92":{"start":{"line":143,"column":10},"end":{"line":143,"column":110}},"93":{"start":{"line":144,"column":10},"end":{"line":144,"column":17}},"94":{"start":{"line":151,"column":2},"end":{"line":284,"column":5}},"95":{"start":{"line":152,"column":4},"end":{"line":169,"column":7}},"96":{"start":{"line":153,"column":6},"end":{"line":168,"column":9}},"97":{"start":{"line":154,"column":8},"end":{"line":154,"column":36}},"98":{"start":{"line":155,"column":8},"end":{"line":155,"column":40}},"99":{"start":{"line":156,"column":8},"end":{"line":156,"column":63}},"100":{"start":{"line":157,"column":8},"end":{"line":157,"column":46}},"101":{"start":{"line":158,"column":8},"end":{"line":158,"column":52}},"102":{"start":{"line":159,"column":26},"end":{"line":159,"column":39}},"103":{"start":{"line":161,"column":8},"end":{"line":167,"column":11}},"104":{"start":{"line":162,"column":10},"end":{"line":162,"column":39}},"105":{"start":{"line":163,"column":10},"end":{"line":163,"column":43}},"106":{"start":{"line":164,"column":10},"end":{"line":164,"column":66}},"107":{"start":{"line":165,"column":10},"end":{"line":165,"column":49}},"108":{"start":{"line":166,"column":10},"end":{"line":166,"column":17}},"109":{"start":{"line":171,"column":4},"end":{"line":188,"column":7}},"110":{"start":{"line":172,"column":6},"end":{"line":187,"column":9}},"111":{"start":{"line":173,"column":8},"end":{"line":173,"column":36}},"112":{"start":{"line":174,"column":8},"end":{"line":174,"column":40}},"113":{"start":{"line":175,"column":8},"end":{"line":175,"column":63}},"114":{"start":{"line":176,"column":8},"end":{"line":176,"column":46}},"115":{"start":{"line":177,"column":8},"end":{"line":177,"column":52}},"116":{"start":{"line":178,"column":26},"end":{"line":178,"column":39}},"117":{"start":{"line":180,"column":8},"end":{"line":186,"column":11}},"118":{"start":{"line":181,"column":10},"end":{"line":181,"column":39}},"119":{"start":{"line":182,"column":10},"end":{"line":182,"column":43}},"120":{"start":{"line":183,"column":10},"end":{"line":183,"column":66}},"121":{"start":{"line":184,"column":10},"end":{"line":184,"column":49}},"122":{"start":{"line":185,"column":10},"end":{"line":185,"column":17}},"123":{"start":{"line":190,"column":4},"end":{"line":207,"column":7}},"124":{"start":{"line":191,"column":6},"end":{"line":206,"column":9}},"125":{"start":{"line":192,"column":8},"end":{"line":192,"column":36}},"126":{"start":{"line":193,"column":8},"end":{"line":193,"column":40}},"127":{"start":{"line":194,"column":8},"end":{"line":194,"column":63}},"128":{"start":{"line":195,"column":8},"end":{"line":195,"column":46}},"129":{"start":{"line":196,"column":8},"end":{"line":196,"column":52}},"130":{"start":{"line":197,"column":26},"end":{"line":197,"column":39}},"131":{"start":{"line":199,"column":8},"end":{"line":205,"column":11}},"132":{"start":{"line":200,"column":10},"end":{"line":200,"column":39}},"133":{"start":{"line":201,"column":10},"end":{"line":201,"column":43}},"134":{"start":{"line":202,"column":10},"end":{"line":202,"column":66}},"135":{"start":{"line":203,"column":10},"end":{"line":203,"column":49}},"136":{"start":{"line":204,"column":10},"end":{"line":204,"column":17}},"137":{"start":{"line":209,"column":4},"end":{"line":226,"column":7}},"138":{"start":{"line":210,"column":6},"end":{"line":225,"column":9}},"139":{"start":{"line":211,"column":8},"end":{"line":211,"column":36}},"140":{"start":{"line":212,"column":8},"end":{"line":212,"column":40}},"141":{"start":{"line":213,"column":8},"end":{"line":213,"column":63}},"142":{"start":{"line":214,"column":8},"end":{"line":214,"column":46}},"143":{"start":{"line":215,"column":8},"end":{"line":215,"column":52}},"144":{"start":{"line":216,"column":26},"end":{"line":216,"column":39}},"145":{"start":{"line":218,"column":8},"end":{"line":224,"column":11}},"146":{"start":{"line":219,"column":10},"end":{"line":219,"column":39}},"147":{"start":{"line":220,"column":10},"end":{"line":220,"column":43}},"148":{"start":{"line":221,"column":10},"end":{"line":221,"column":66}},"149":{"start":{"line":222,"column":10},"end":{"line":222,"column":49}},"150":{"start":{"line":223,"column":10},"end":{"line":223,"column":17}},"151":{"start":{"line":228,"column":4},"end":{"line":245,"column":7}},"152":{"start":{"line":229,"column":6},"end":{"line":244,"column":9}},"153":{"start":{"line":230,"column":8},"end":{"line":230,"column":36}},"154":{"start":{"line":231,"column":8},"end":{"line":231,"column":40}},"155":{"start":{"line":232,"column":8},"end":{"line":232,"column":63}},"156":{"start":{"line":233,"column":8},"end":{"line":233,"column":46}},"157":{"start":{"line":234,"column":8},"end":{"line":234,"column":52}},"158":{"start":{"line":235,"column":26},"end":{"line":235,"column":39}},"159":{"start":{"line":237,"column":8},"end":{"line":243,"column":11}},"160":{"start":{"line":238,"column":10},"end":{"line":238,"column":39}},"161":{"start":{"line":239,"column":10},"end":{"line":239,"column":43}},"162":{"start":{"line":240,"column":10},"end":{"line":240,"column":64}},"163":{"start":{"line":241,"column":10},"end":{"line":241,"column":93}},"164":{"start":{"line":242,"column":10},"end":{"line":242,"column":17}},"165":{"start":{"line":247,"column":4},"end":{"line":264,"column":7}},"166":{"start":{"line":248,"column":6},"end":{"line":263,"column":9}},"167":{"start":{"line":249,"column":8},"end":{"line":249,"column":36}},"168":{"start":{"line":250,"column":8},"end":{"line":250,"column":40}},"169":{"start":{"line":251,"column":8},"end":{"line":251,"column":63}},"170":{"start":{"line":252,"column":8},"end":{"line":252,"column":46}},"171":{"start":{"line":253,"column":8},"end":{"line":253,"column":52}},"172":{"start":{"line":254,"column":26},"end":{"line":254,"column":39}},"173":{"start":{"line":256,"column":8},"end":{"line":262,"column":11}},"174":{"start":{"line":257,"column":10},"end":{"line":257,"column":39}},"175":{"start":{"line":258,"column":10},"end":{"line":258,"column":43}},"176":{"start":{"line":259,"column":10},"end":{"line":259,"column":64}},"177":{"start":{"line":260,"column":10},"end":{"line":260,"column":98}},"178":{"start":{"line":261,"column":10},"end":{"line":261,"column":17}},"179":{"start":{"line":266,"column":4},"end":{"line":283,"column":7}},"180":{"start":{"line":267,"column":6},"end":{"line":282,"column":9}},"181":{"start":{"line":268,"column":8},"end":{"line":268,"column":36}},"182":{"start":{"line":269,"column":8},"end":{"line":269,"column":40}},"183":{"start":{"line":270,"column":8},"end":{"line":270,"column":63}},"184":{"start":{"line":271,"column":8},"end":{"line":271,"column":46}},"185":{"start":{"line":272,"column":8},"end":{"line":272,"column":52}},"186":{"start":{"line":273,"column":26},"end":{"line":273,"column":39}},"187":{"start":{"line":275,"column":8},"end":{"line":281,"column":11}},"188":{"start":{"line":276,"column":10},"end":{"line":276,"column":39}},"189":{"start":{"line":277,"column":10},"end":{"line":277,"column":43}},"190":{"start":{"line":278,"column":10},"end":{"line":278,"column":64}},"191":{"start":{"line":279,"column":10},"end":{"line":279,"column":98}},"192":{"start":{"line":280,"column":10},"end":{"line":280,"column":17}},"193":{"start":{"line":287,"column":2},"end":{"line":309,"column":5}},"194":{"start":{"line":288,"column":4},"end":{"line":308,"column":7}},"195":{"start":{"line":289,"column":6},"end":{"line":307,"column":9}},"196":{"start":{"line":290,"column":8},"end":{"line":290,"column":36}},"197":{"start":{"line":291,"column":8},"end":{"line":291,"column":40}},"198":{"start":{"line":292,"column":8},"end":{"line":292,"column":63}},"199":{"start":{"line":293,"column":8},"end":{"line":293,"column":46}},"200":{"start":{"line":294,"column":8},"end":{"line":294,"column":52}},"201":{"start":{"line":295,"column":26},"end":{"line":295,"column":39}},"202":{"start":{"line":297,"column":8},"end":{"line":306,"column":11}},"203":{"start":{"line":301,"column":10},"end":{"line":301,"column":39}},"204":{"start":{"line":302,"column":10},"end":{"line":302,"column":43}},"205":{"start":{"line":303,"column":10},"end":{"line":303,"column":66}},"206":{"start":{"line":304,"column":10},"end":{"line":304,"column":49}},"207":{"start":{"line":305,"column":10},"end":{"line":305,"column":17}}},"fnMap":{"0":{"name":"_interopRequireDefault","decl":{"start":{"line":15,"column":9},"end":{"line":15,"column":31}},"loc":{"start":{"line":15,"column":37},"end":{"line":15,"column":95}},"line":15},"1":{"name":"(anonymous_1)","decl":{"start":{"line":33,"column":21},"end":{"line":33,"column":22}},"loc":{"start":{"line":33,"column":27},"end":{"line":310,"column":1}},"line":33},"2":{"name":"(anonymous_2)","decl":{"start":{"line":35,"column":39},"end":{"line":35,"column":40}},"loc":{"start":{"line":35,"column":45},"end":{"line":148,"column":3}},"line":35},"3":{"name":"(anonymous_3)","decl":{"start":{"line":36,"column":64},"end":{"line":36,"column":65}},"loc":{"start":{"line":36,"column":72},"end":{"line":53,"column":5}},"line":36},"4":{"name":"(anonymous_4)","decl":{"start":{"line":37,"column":88},"end":{"line":37,"column":89}},"loc":{"start":{"line":37,"column":102},"end":{"line":52,"column":7}},"line":37},"5":{"name":"(anonymous_5)","decl":{"start":{"line":45,"column":113},"end":{"line":45,"column":114}},"loc":{"start":{"line":45,"column":130},"end":{"line":51,"column":9}},"line":45},"6":{"name":"(anonymous_6)","decl":{"start":{"line":55,"column":69},"end":{"line":55,"column":70}},"loc":{"start":{"line":55,"column":77},"end":{"line":74,"column":5}},"line":55},"7":{"name":"(anonymous_7)","decl":{"start":{"line":56,"column":88},"end":{"line":56,"column":89}},"loc":{"start":{"line":56,"column":102},"end":{"line":73,"column":7}},"line":56},"8":{"name":"(anonymous_8)","decl":{"start":{"line":66,"column":15},"end":{"line":66,"column":16}},"loc":{"start":{"line":66,"column":32},"end":{"line":72,"column":9}},"line":66},"9":{"name":"(anonymous_9)","decl":{"start":{"line":76,"column":65},"end":{"line":76,"column":66}},"loc":{"start":{"line":76,"column":73},"end":{"line":84,"column":5}},"line":76},"10":{"name":"(anonymous_10)","decl":{"start":{"line":77,"column":73},"end":{"line":77,"column":74}},"loc":{"start":{"line":77,"column":89},"end":{"line":83,"column":7}},"line":77},"11":{"name":"(anonymous_11)","decl":{"start":{"line":86,"column":62},"end":{"line":86,"column":63}},"loc":{"start":{"line":86,"column":70},"end":{"line":106,"column":5}},"line":86},"12":{"name":"(anonymous_12)","decl":{"start":{"line":87,"column":88},"end":{"line":87,"column":89}},"loc":{"start":{"line":87,"column":102},"end":{"line":105,"column":7}},"line":87},"13":{"name":"(anonymous_13)","decl":{"start":{"line":95,"column":118},"end":{"line":95,"column":119}},"loc":{"start":{"line":95,"column":135},"end":{"line":104,"column":9}},"line":95},"14":{"name":"(anonymous_14)","decl":{"start":{"line":108,"column":59},"end":{"line":108,"column":60}},"loc":{"start":{"line":108,"column":67},"end":{"line":125,"column":5}},"line":108},"15":{"name":"(anonymous_15)","decl":{"start":{"line":109,"column":88},"end":{"line":109,"column":89}},"loc":{"start":{"line":109,"column":102},"end":{"line":124,"column":7}},"line":109},"16":{"name":"(anonymous_16)","decl":{"start":{"line":117,"column":118},"end":{"line":117,"column":119}},"loc":{"start":{"line":117,"column":135},"end":{"line":123,"column":9}},"line":117},"17":{"name":"(anonymous_17)","decl":{"start":{"line":127,"column":56},"end":{"line":127,"column":57}},"loc":{"start":{"line":127,"column":64},"end":{"line":147,"column":5}},"line":127},"18":{"name":"(anonymous_18)","decl":{"start":{"line":128,"column":88},"end":{"line":128,"column":89}},"loc":{"start":{"line":128,"column":102},"end":{"line":146,"column":7}},"line":128},"19":{"name":"(anonymous_19)","decl":{"start":{"line":139,"column":15},"end":{"line":139,"column":16}},"loc":{"start":{"line":139,"column":32},"end":{"line":145,"column":9}},"line":139},"20":{"name":"(anonymous_20)","decl":{"start":{"line":151,"column":28},"end":{"line":151,"column":29}},"loc":{"start":{"line":151,"column":34},"end":{"line":284,"column":3}},"line":151},"21":{"name":"(anonymous_21)","decl":{"start":{"line":152,"column":67},"end":{"line":152,"column":68}},"loc":{"start":{"line":152,"column":75},"end":{"line":169,"column":5}},"line":152},"22":{"name":"(anonymous_22)","decl":{"start":{"line":153,"column":88},"end":{"line":153,"column":89}},"loc":{"start":{"line":153,"column":102},"end":{"line":168,"column":7}},"line":153},"23":{"name":"(anonymous_23)","decl":{"start":{"line":161,"column":103},"end":{"line":161,"column":104}},"loc":{"start":{"line":161,"column":120},"end":{"line":167,"column":9}},"line":161},"24":{"name":"(anonymous_24)","decl":{"start":{"line":171,"column":69},"end":{"line":171,"column":70}},"loc":{"start":{"line":171,"column":77},"end":{"line":188,"column":5}},"line":171},"25":{"name":"(anonymous_25)","decl":{"start":{"line":172,"column":88},"end":{"line":172,"column":89}},"loc":{"start":{"line":172,"column":102},"end":{"line":187,"column":7}},"line":172},"26":{"name":"(anonymous_26)","decl":{"start":{"line":180,"column":103},"end":{"line":180,"column":104}},"loc":{"start":{"line":180,"column":120},"end":{"line":186,"column":9}},"line":180},"27":{"name":"(anonymous_27)","decl":{"start":{"line":190,"column":69},"end":{"line":190,"column":70}},"loc":{"start":{"line":190,"column":77},"end":{"line":207,"column":5}},"line":190},"28":{"name":"(anonymous_28)","decl":{"start":{"line":191,"column":88},"end":{"line":191,"column":89}},"loc":{"start":{"line":191,"column":102},"end":{"line":206,"column":7}},"line":191},"29":{"name":"(anonymous_29)","decl":{"start":{"line":199,"column":105},"end":{"line":199,"column":106}},"loc":{"start":{"line":199,"column":122},"end":{"line":205,"column":9}},"line":199},"30":{"name":"(anonymous_30)","decl":{"start":{"line":209,"column":72},"end":{"line":209,"column":73}},"loc":{"start":{"line":209,"column":80},"end":{"line":226,"column":5}},"line":209},"31":{"name":"(anonymous_31)","decl":{"start":{"line":210,"column":88},"end":{"line":210,"column":89}},"loc":{"start":{"line":210,"column":102},"end":{"line":225,"column":7}},"line":210},"32":{"name":"(anonymous_32)","decl":{"start":{"line":218,"column":105},"end":{"line":218,"column":106}},"loc":{"start":{"line":218,"column":122},"end":{"line":224,"column":9}},"line":218},"33":{"name":"(anonymous_33)","decl":{"start":{"line":228,"column":59},"end":{"line":228,"column":60}},"loc":{"start":{"line":228,"column":67},"end":{"line":245,"column":5}},"line":228},"34":{"name":"(anonymous_34)","decl":{"start":{"line":229,"column":88},"end":{"line":229,"column":89}},"loc":{"start":{"line":229,"column":102},"end":{"line":244,"column":7}},"line":229},"35":{"name":"(anonymous_35)","decl":{"start":{"line":237,"column":105},"end":{"line":237,"column":106}},"loc":{"start":{"line":237,"column":122},"end":{"line":243,"column":9}},"line":237},"36":{"name":"(anonymous_36)","decl":{"start":{"line":247,"column":72},"end":{"line":247,"column":73}},"loc":{"start":{"line":247,"column":80},"end":{"line":264,"column":5}},"line":247},"37":{"name":"(anonymous_37)","decl":{"start":{"line":248,"column":88},"end":{"line":248,"column":89}},"loc":{"start":{"line":248,"column":102},"end":{"line":263,"column":7}},"line":248},"38":{"name":"(anonymous_38)","decl":{"start":{"line":256,"column":105},"end":{"line":256,"column":106}},"loc":{"start":{"line":256,"column":122},"end":{"line":262,"column":9}},"line":256},"39":{"name":"(anonymous_39)","decl":{"start":{"line":266,"column":57},"end":{"line":266,"column":58}},"loc":{"start":{"line":266,"column":65},"end":{"line":283,"column":5}},"line":266},"40":{"name":"(anonymous_40)","decl":{"start":{"line":267,"column":88},"end":{"line":267,"column":89}},"loc":{"start":{"line":267,"column":102},"end":{"line":282,"column":7}},"line":267},"41":{"name":"(anonymous_41)","decl":{"start":{"line":275,"column":105},"end":{"line":275,"column":106}},"loc":{"start":{"line":275,"column":122},"end":{"line":281,"column":9}},"line":275},"42":{"name":"(anonymous_42)","decl":{"start":{"line":287,"column":30},"end":{"line":287,"column":31}},"loc":{"start":{"line":287,"column":36},"end":{"line":309,"column":3}},"line":287},"43":{"name":"(anonymous_43)","decl":{"start":{"line":288,"column":76},"end":{"line":288,"column":77}},"loc":{"start":{"line":288,"column":84},"end":{"line":308,"column":5}},"line":288},"44":{"name":"(anonymous_44)","decl":{"start":{"line":289,"column":88},"end":{"line":289,"column":89}},"loc":{"start":{"line":289,"column":102},"end":{"line":307,"column":7}},"line":289},"45":{"name":"(anonymous_45)","decl":{"start":{"line":300,"column":15},"end":{"line":300,"column":16}},"loc":{"start":{"line":300,"column":32},"end":{"line":306,"column":9}},"line":300}},"branchMap":{"0":{"loc":{"start":{"line":15,"column":46},"end":{"line":15,"column":92}},"type":"cond-expr","locations":[{"start":{"line":15,"column":70},"end":{"line":15,"column":73}},{"start":{"line":15,"column":76},"end":{"line":15,"column":92}}],"line":15},"1":{"loc":{"start":{"line":15,"column":46},"end":{"line":15,"column":67}},"type":"binary-expr","locations":[{"start":{"line":15,"column":46},"end":{"line":15,"column":49}},{"start":{"line":15,"column":53},"end":{"line":15,"column":67}}],"line":15}},"s":{"0":1,"1":1,"2":1,"3":1,"4":1,"5":1,"6":3,"7":1,"8":1,"9":1,"10":1,"11":1,"12":1,"13":1,"14":1,"15":1,"16":1,"17":1,"18":1,"19":1,"20":1,"21":1,"22":1,"23":1,"24":1,"25":1,"26":1,"27":1,"28":1,"29":1,"30":1,"31":1,"32":1,"33":1,"34":1,"35":1,"36":1,"37":1,"38":1,"39":1,"40":1,"41":1,"42":1,"43":1,"44":1,"45":1,"46":1,"47":1,"48":1,"49":1,"50":1,"51":1,"52":1,"53":1,"54":1,"55":1,"56":1,"57":1,"58":1,"59":1,"60":1,"61":1,"62":1,"63":1,"64":1,"65":1,"66":1,"67":1,"68":1,"69":1,"70":1,"71":1,"72":1,"73":1,"74":1,"75":1,"76":1,"77":1,"78":1,"79":1,"80":1,"81":1,"82":1,"83":1,"84":1,"85":1,"86":1,"87":1,"88":1,"89":1,"90":1,"91":1,"92":1,"93":1,"94":1,"95":1,"96":1,"97":1,"98":1,"99":1,"100":1,"101":1,"102":1,"103":1,"104":1,"105":1,"106":1,"107":1,"108":1,"109":1,"110":1,"111":1,"112":1,"113":1,"114":1,"115":1,"116":1,"117":1,"118":1,"119":1,"120":1,"121":1,"122":1,"123":1,"124":1,"125":1,"126":1,"127":1,"128":1,"129":1,"130":1,"131":1,"132":1,"133":1,"134":1,"135":1,"136":1,"137":1,"138":1,"139":1,"140":1,"141":1,"142":1,"143":1,"144":1,"145":1,"146":1,"147":1,"148":1,"149":1,"150":1,"151":1,"152":1,"153":1,"154":1,"155":1,"156":1,"157":1,"158":1,"159":1,"160":1,"161":1,"162":1,"163":1,"164":1,"165":1,"166":1,"167":1,"168":1,"169":1,"170":1,"171":1,"172":1,"173":1,"174":1,"175":1,"176":1,"177":1,"178":1,"179":1,"180":1,"181":1,"182":1,"183":1,"184":1,"185":1,"186":1,"187":1,"188":1,"189":1,"190":1,"191":1,"192":1,"193":1,"194":1,"195":1,"196":1,"197":1,"198":1,"199":1,"200":1,"201":1,"202":1,"203":1,"204":1,"205":1,"206":1,"207":1},"f":{"0":3,"1":1,"2":1,"3":1,"4":1,"5":1,"6":1,"7":1,"8":1,"9":1,"10":1,"11":1,"12":1,"13":1,"14":1,"15":1,"16":1,"17":1,"18":1,"19":1,"20":1,"21":1,"22":1,"23":1,"24":1,"25":1,"26":1,"27":1,"28":1,"29":1,"30":1,"31":1,"32":1,"33":1,"34":1,"35":1,"36":1,"37":1,"38":1,"39":1,"40":1,"41":1,"42":1,"43":1,"44":1,"45":1},"b":{"0":[1,2],"1":[3,3]},"_coverageSchema":"43e27e138ebf9cfc5966b082cf9a028302ed4184","hash":"a4d1e8c76ecffa4349581d04a796419333dd86cf","contentHash":"6f1f94576f00652a09f941a9c14e6bdf54f7d3353f47b1918137a3960fafb876"}}