TN:
SF:/Users/mac/Desktop/Wayfarer/server/app.js
FN:10,(anonymous_1)
FN:23,(anonymous_2)
FN:29,(anonymous_3)
FNF:3
FNH:2
FNDA:91,(anonymous_1)
FNDA:0,(anonymous_2)
FNDA:1,(anonymous_3)
DA:1,1
DA:2,1
DA:3,1
DA:4,1
DA:6,1
DA:7,1
DA:10,1
DA:11,91
DA:12,91
DA:13,91
DA:17,1
DA:18,1
DA:20,1
DA:23,1
DA:24,0
DA:28,1
DA:29,1
DA:30,1
LF:18
LH:17
BRDA:28,0,0,1
BRDA:28,0,1,1
BRF:2
BRH:2
end_of_record
TN:
SF:/Users/mac/Desktop/Wayfarer/server/Controllers/bookings.js
FN:7,(anonymous_1)
FN:52,(anonymous_2)
FN:74,(anonymous_3)
FN:90,(anonymous_4)
FN:121,(anonymous_5)
FNF:5
FNH:4
FNDA:1,(anonymous_1)
FNDA:2,(anonymous_2)
FNDA:2,(anonymous_3)
FNDA:1,(anonymous_4)
FNDA:0,(anonymous_5)
DA:1,1
DA:4,1
DA:8,1
DA:9,1
DA:18,1
DA:23,1
DA:24,1
DA:25,1
DA:26,1
DA:28,1
DA:43,0
DA:53,2
DA:54,2
DA:58,2
DA:59,2
DA:61,2
DA:66,0
DA:75,2
DA:76,2
DA:81,0
DA:82,0
DA:91,1
DA:92,1
DA:102,1
DA:103,1
DA:105,1
DA:113,0
DA:122,0
DA:123,0
DA:130,0
DA:132,0
DA:139,0
LF:32
LH:22
BRDA:54,0,0,1
BRDA:54,0,1,1
BRDA:123,1,0,0
BRDA:123,1,1,0
BRF:4
BRH:2
end_of_record
TN:
SF:/Users/mac/Desktop/Wayfarer/server/Controllers/buses.js
FN:5,(anonymous_1)
FN:45,(anonymous_2)
FN:63,(anonymous_3)
FNF:3
FNH:3
FNDA:1,(anonymous_1)
FNDA:1,(anonymous_2)
FNDA:1,(anonymous_3)
DA:1,1
DA:6,1
DA:7,1
DA:19,1
DA:20,1
DA:22,1
DA:35,0
DA:36,0
DA:46,1
DA:47,1
DA:48,1
DA:49,1
DA:50,1
DA:55,0
DA:64,1
DA:65,1
DA:69,1
DA:70,1
DA:72,1
DA:73,0
DA:78,1
DA:83,0
LF:22
LH:17
BRDA:72,0,0,0
BRDA:72,0,1,1
BRF:2
BRH:1
end_of_record
TN:
SF:/Users/mac/Desktop/Wayfarer/server/Controllers/trips.js
FN:5,(anonymous_1)
FN:50,(anonymous_2)
FN:69,(anonymous_3)
FN:97,(anonymous_4)
FN:127,(anonymous_5)
FN:142,(anonymous_6)
FNF:6
FNH:6
FNDA:2,(anonymous_1)
FNDA:1,(anonymous_2)
FNDA:2,(anonymous_3)
FNDA:2,(anonymous_4)
FNDA:1,(anonymous_5)
FNDA:1,(anonymous_6)
DA:1,1
DA:6,2
DA:7,2
DA:19,2
DA:23,2
DA:24,2
DA:25,2
DA:26,2
DA:28,2
DA:42,0
DA:51,1
DA:52,1
DA:54,1
DA:55,1
DA:56,1
DA:61,0
DA:70,2
DA:71,2
DA:75,2
DA:76,2
DA:78,2
DA:79,1
DA:84,1
DA:89,0
DA:98,2
DA:99,2
DA:103,2
DA:104,2
DA:106,2
DA:107,1
DA:114,1
DA:119,0
DA:128,1
DA:129,1
DA:134,0
DA:143,1
DA:144,1
DA:148,1
DA:149,1
DA:151,1
DA:159,0
LF:41
LH:35
BRDA:78,0,0,1
BRDA:78,0,1,1
BRDA:106,1,0,1
BRDA:106,1,1,1
BRF:4
BRH:4
end_of_record
TN:
SF:/Users/mac/Desktop/Wayfarer/server/Controllers/users.js
FN:7,(anonymous_1)
FN:40,(anonymous_2)
FN:59,(anonymous_3)
FN:88,(anonymous_4)
FNF:4
FNH:4
FNDA:1,(anonymous_1)
FNDA:1,(anonymous_2)
FNDA:1,(anonymous_3)
FNDA:40,(anonymous_4)
DA:1,1
DA:2,1
DA:3,1
DA:8,1
DA:9,1
DA:10,1
DA:16,1
DA:17,1
DA:18,1
DA:19,1
DA:31,0
DA:41,1
DA:42,1
DA:43,1
DA:44,1
DA:45,1
DA:50,0
DA:51,0
DA:60,1
DA:61,1
DA:65,1
DA:66,1
DA:68,1
DA:69,0
DA:75,1
DA:80,0
DA:89,40
DA:90,40
DA:91,40
DA:92,40
DA:93,40
DA:94,40
DA:106,0
LF:33
LH:27
BRDA:68,0,0,0
BRDA:68,0,1,1
BRF:2
BRH:1
end_of_record
TN:
SF:/Users/mac/Desktop/Wayfarer/server/DB/config.js
FN:11,(anonymous_1)
FNF:1
FNH:1
FNDA:1,(anonymous_1)
DA:1,1
DA:2,1
DA:4,1
DA:6,1
DA:7,1
DA:11,1
DA:12,1
LF:7
LH:7
BRF:0
BRH:0
end_of_record
TN:
SF:/Users/mac/Desktop/Wayfarer/server/Middleware/auth.js
FN:5,(anonymous_1)
FN:12,(anonymous_2)
FN:22,(anonymous_3)
FN:64,(anonymous_4)
FNF:4
FNH:4
FNDA:41,(anonymous_1)
FNDA:60,(anonymous_2)
FNDA:43,(anonymous_3)
FNDA:17,(anonymous_4)
DA:1,1
DA:2,1
DA:4,1
DA:6,41
DA:13,60
DA:14,60
DA:15,60
DA:17,4
DA:19,60
DA:23,43
DA:24,43
DA:25,43
DA:27,43
DA:28,4
DA:34,39
DA:35,0
DA:41,39
DA:44,39
DA:46,39
DA:47,0
DA:53,39
DA:54,39
DA:55,39
DA:57,0
DA:65,17
DA:66,17
DA:67,17
DA:69,17
DA:70,2
DA:75,15
DA:77,0
LF:31
LH:27
BRDA:27,0,0,4
BRDA:27,0,1,39
BRDA:34,1,0,0
BRDA:34,1,1,39
BRDA:46,2,0,0
BRDA:46,2,1,39
BRDA:69,3,0,2
BRDA:69,3,1,15
BRF:8
BRH:6
end_of_record
TN:
SF:/Users/mac/Desktop/Wayfarer/server/Middleware/validateInputs.js
FN:5,(anonymous_1)
FN:55,(anonymous_2)
FN:105,(anonymous_3)
FN:115,(anonymous_4)
FN:156,(anonymous_5)
FN:176,(anonymous_6)
FN:224,(anonymous_7)
FN:286,(anonymous_8)
FNF:8
FNH:8
FNDA:5,(anonymous_1)
FNDA:43,(anonymous_2)
FNDA:13,(anonymous_3)
FNDA:5,(anonymous_4)
FNDA:2,(anonymous_5)
FNDA:5,(anonymous_6)
FNDA:5,(anonymous_7)
FNDA:5,(anonymous_8)
DA:1,1
DA:2,1
DA:4,1
DA:6,5
DA:7,5
DA:8,5
DA:9,5
DA:13,5
DA:14,5
DA:16,5
DA:17,1
DA:23,4
DA:24,16
DA:25,1
DA:32,3
DA:33,0
DA:39,3
DA:40,1
DA:46,2
DA:47,1
DA:52,1
DA:56,43
DA:57,43
DA:58,43
DA:60,43
DA:61,0
DA:67,43
DA:68,43
DA:69,43
DA:71,43
DA:72,0
DA:78,43
DA:79,86
DA:80,1
DA:87,42
DA:88,1
DA:94,41
DA:95,41
DA:96,1
DA:102,40
DA:106,13
DA:107,4
DA:112,9
DA:116,5
DA:117,5
DA:121,5
DA:122,5
DA:124,5
DA:125,1
DA:131,4
DA:132,16
DA:133,1
DA:140,3
DA:141,1
DA:147,2
DA:148,1
DA:153,1
DA:157,2
DA:162,2
DA:163,2
DA:164,2
DA:166,2
DA:167,0
DA:173,2
DA:177,5
DA:178,5
DA:182,5
DA:186,5
DA:187,5
DA:188,5
DA:189,5
DA:191,5
DA:192,1
DA:198,4
DA:199,20
DA:200,1
DA:207,3
DA:208,1
DA:214,2
DA:215,0
DA:221,2
DA:225,5
DA:226,5
DA:230,5
DA:234,5
DA:235,5
DA:236,5
DA:237,5
DA:239,5
DA:240,1
DA:246,4
DA:247,8
DA:248,1
DA:255,3
DA:256,1
DA:262,2
DA:263,0
DA:269,2
DA:270,1
DA:276,1
DA:277,0
DA:283,1
DA:287,5
DA:294,5
DA:295,5
DA:296,5
DA:298,5
DA:299,1
DA:305,4
DA:306,1
DA:312,3
LF:111
LH:104
BRDA:16,0,0,1
BRDA:16,0,1,4
BRDA:24,1,0,1
BRDA:24,1,1,15
BRDA:32,2,0,0
BRDA:32,2,1,3
BRDA:39,3,0,1
BRDA:39,3,1,2
BRDA:46,4,0,1
BRDA:46,4,1,1
BRDA:60,5,0,0
BRDA:60,5,1,43
BRDA:60,6,0,43
BRDA:60,6,1,43
BRDA:71,7,0,0
BRDA:71,7,1,43
BRDA:79,8,0,1
BRDA:79,8,1,85
BRDA:87,9,0,1
BRDA:87,9,1,41
BRDA:95,10,0,1
BRDA:95,10,1,40
BRDA:106,11,0,4
BRDA:106,11,1,9
BRDA:124,12,0,1
BRDA:124,12,1,4
BRDA:132,13,0,1
BRDA:132,13,1,15
BRDA:140,14,0,1
BRDA:140,14,1,2
BRDA:147,15,0,1
BRDA:147,15,1,1
BRDA:166,16,0,0
BRDA:166,16,1,2
BRDA:191,17,0,1
BRDA:191,17,1,4
BRDA:199,18,0,1
BRDA:199,18,1,19
BRDA:207,19,0,1
BRDA:207,19,1,2
BRDA:214,20,0,0
BRDA:214,20,1,2
BRDA:239,21,0,1
BRDA:239,21,1,4
BRDA:247,22,0,1
BRDA:247,22,1,7
BRDA:255,23,0,1
BRDA:255,23,1,2
BRDA:262,24,0,0
BRDA:262,24,1,2
BRDA:269,25,0,1
BRDA:269,25,1,1
BRDA:276,26,0,0
BRDA:276,26,1,1
BRDA:287,27,0,2
BRDA:287,27,1,3
BRDA:298,28,0,1
BRDA:298,28,1,4
BRDA:298,29,0,5
BRDA:298,29,1,2
BRDA:305,30,0,1
BRDA:305,30,1,3
BRF:62
BRH:55
end_of_record
TN:
SF:/Users/mac/Desktop/Wayfarer/server/Routes/routes.js
FN:8,(anonymous_1)
FNF:1
FNH:1
FNDA:1,(anonymous_1)
DA:1,1
DA:2,1
DA:3,1
DA:4,1
DA:5,1
DA:6,1
DA:10,1
DA:11,1
DA:12,1
DA:13,1
DA:16,1
DA:17,1
DA:18,1
DA:21,1
DA:22,1
DA:23,1
DA:24,1
DA:25,1
DA:26,1
DA:29,1
DA:30,1
DA:31,1
DA:32,1
DA:33,1
LF:24
LH:24
BRF:0
BRH:0
end_of_record
TN:
SF:/Users/mac/Desktop/Wayfarer/server/Test/a-user.js
FN:23,(anonymous_1)
FN:25,(anonymous_2)
FN:26,(anonymous_3)
FN:30,(anonymous_4)
FN:39,(anonymous_5)
FN:47,(anonymous_6)
FN:56,(anonymous_7)
FN:65,(anonymous_8)
FN:74,(anonymous_9)
FN:78,(anonymous_10)
FN:92,(anonymous_11)
FN:96,(anonymous_12)
FN:107,(anonymous_13)
FN:108,(anonymous_14)
FN:114,(anonymous_15)
FN:123,(anonymous_16)
FN:130,(anonymous_17)
FN:139,(anonymous_18)
FN:143,(anonymous_19)
FN:157,(anonymous_20)
FN:164,(anonymous_21)
FN:175,(anonymous_22)
FN:176,(anonymous_23)
FN:179,(anonymous_24)
FN:188,(anonymous_25)
FN:192,(anonymous_26)
FN:203,(anonymous_27)
FN:213,(anonymous_28)
FN:217,(anonymous_29)
FN:228,(anonymous_30)
FN:238,(anonymous_31)
FN:242,(anonymous_32)
FN:253,(anonymous_33)
FN:263,(anonymous_34)
FN:267,(anonymous_35)
FN:278,(anonymous_36)
FNF:36
FNH:36
FNDA:1,(anonymous_1)
FNDA:1,(anonymous_2)
FNDA:1,(anonymous_3)
FNDA:1,(anonymous_4)
FNDA:1,(anonymous_5)
FNDA:1,(anonymous_6)
FNDA:1,(anonymous_7)
FNDA:1,(anonymous_8)
FNDA:1,(anonymous_9)
FNDA:1,(anonymous_10)
FNDA:1,(anonymous_11)
FNDA:1,(anonymous_12)
FNDA:1,(anonymous_13)
FNDA:1,(anonymous_14)
FNDA:1,(anonymous_15)
FNDA:1,(anonymous_16)
FNDA:1,(anonymous_17)
FNDA:1,(anonymous_18)
FNDA:1,(anonymous_19)
FNDA:1,(anonymous_20)
FNDA:1,(anonymous_21)
FNDA:1,(anonymous_22)
FNDA:1,(anonymous_23)
FNDA:1,(anonymous_24)
FNDA:1,(anonymous_25)
FNDA:1,(anonymous_26)
FNDA:1,(anonymous_27)
FNDA:1,(anonymous_28)
FNDA:1,(anonymous_29)
FNDA:1,(anonymous_30)
FNDA:1,(anonymous_31)
FNDA:1,(anonymous_32)
FNDA:1,(anonymous_33)
FNDA:1,(anonymous_34)
FNDA:1,(anonymous_35)
FNDA:1,(anonymous_36)
DA:1,1
DA:2,1
DA:3,1
DA:5,1
DA:6,1
DA:8,1
DA:14,1
DA:18,1
DA:23,1
DA:25,1
DA:26,1
DA:27,1
DA:31,1
DA:32,1
DA:33,1
DA:34,1
DA:35,1
DA:39,1
DA:40,1
DA:48,1
DA:49,1
DA:50,1
DA:51,1
DA:52,1
DA:56,1
DA:57,1
DA:66,1
DA:67,1
DA:68,1
DA:69,1
DA:70,1
DA:74,1
DA:75,1
DA:79,1
DA:80,1
DA:81,1
DA:82,1
DA:83,1
DA:84,1
DA:85,1
DA:86,1
DA:87,1
DA:88,1
DA:92,1
DA:93,1
DA:97,1
DA:98,1
DA:99,1
DA:100,1
DA:101,1
DA:107,1
DA:108,1
DA:109,1
DA:115,1
DA:116,1
DA:117,1
DA:118,1
DA:119,1
DA:123,1
DA:124,1
DA:131,1
DA:132,1
DA:133,1
DA:134,1
DA:135,1
DA:139,1
DA:140,1
DA:144,1
DA:145,1
DA:146,1
DA:147,1
DA:148,1
DA:149,1
DA:150,1
DA:151,1
DA:152,1
DA:153,1
DA:157,1
DA:158,1
DA:165,1
DA:166,1
DA:167,1
DA:168,1
DA:169,1
DA:175,1
DA:176,1
DA:177,1
DA:180,1
DA:181,1
DA:182,1
DA:183,1
DA:184,1
DA:188,1
DA:189,1
DA:193,1
DA:194,1
DA:195,1
DA:196,1
DA:197,1
DA:198,1
DA:200,1
DA:204,1
DA:205,1
DA:206,1
DA:207,1
DA:208,1
DA:213,1
DA:214,1
DA:218,1
DA:219,1
DA:220,1
DA:221,1
DA:222,1
DA:223,1
DA:225,1
DA:229,1
DA:230,1
DA:231,1
DA:232,1
DA:233,1
DA:238,1
DA:239,1
DA:243,1
DA:244,1
DA:245,1
DA:246,1
DA:247,1
DA:248,1
DA:250,1
DA:254,1
DA:255,1
DA:256,1
DA:257,1
DA:258,1
DA:263,1
DA:264,1
DA:268,1
DA:269,1
DA:270,1
DA:271,1
DA:272,1
DA:273,1
DA:275,1
DA:279,1
DA:280,1
DA:281,1
DA:282,1
DA:283,1
LF:148
LH:148
BRF:0
BRH:0
end_of_record
TN:
SF:/Users/mac/Desktop/Wayfarer/server/Test/b-buses.js
FN:24,(anonymous_1)
FN:26,(anonymous_2)
FN:27,(anonymous_3)
FN:31,(anonymous_4)
FN:43,(anonymous_5)
FN:53,(anonymous_6)
FN:57,(anonymous_7)
FN:74,(anonymous_8)
FN:84,(anonymous_9)
FN:88,(anonymous_10)
FN:106,(anonymous_11)
FN:116,(anonymous_12)
FN:120,(anonymous_13)
FN:132,(anonymous_14)
FN:149,(anonymous_15)
FN:153,(anonymous_16)
FN:165,(anonymous_17)
FN:177,(anonymous_18)
FN:178,(anonymous_19)
FN:181,(anonymous_20)
FN:190,(anonymous_21)
FN:194,(anonymous_22)
FN:205,(anonymous_23)
FN:215,(anonymous_24)
FN:219,(anonymous_25)
FN:230,(anonymous_26)
FN:240,(anonymous_27)
FN:244,(anonymous_28)
FN:255,(anonymous_29)
FN:265,(anonymous_30)
FN:269,(anonymous_31)
FN:280,(anonymous_32)
FNF:32
FNH:32
FNDA:1,(anonymous_1)
FNDA:1,(anonymous_2)
FNDA:1,(anonymous_3)
FNDA:1,(anonymous_4)
FNDA:1,(anonymous_5)
FNDA:1,(anonymous_6)
FNDA:1,(anonymous_7)
FNDA:1,(anonymous_8)
FNDA:1,(anonymous_9)
FNDA:1,(anonymous_10)
FNDA:1,(anonymous_11)
FNDA:1,(anonymous_12)
FNDA:1,(anonymous_13)
FNDA:1,(anonymous_14)
FNDA:1,(anonymous_15)
FNDA:1,(anonymous_16)
FNDA:1,(anonymous_17)
FNDA:1,(anonymous_18)
FNDA:1,(anonymous_19)
FNDA:1,(anonymous_20)
FNDA:1,(anonymous_21)
FNDA:1,(anonymous_22)
FNDA:1,(anonymous_23)
FNDA:1,(anonymous_24)
FNDA:1,(anonymous_25)
FNDA:1,(anonymous_26)
FNDA:1,(anonymous_27)
FNDA:1,(anonymous_28)
FNDA:1,(anonymous_29)
FNDA:1,(anonymous_30)
FNDA:1,(anonymous_31)
FNDA:1,(anonymous_32)
DA:1,1
DA:2,1
DA:3,1
DA:5,1
DA:6,1
DA:8,1
DA:15,1
DA:19,1
DA:24,1
DA:26,1
DA:27,1
DA:28,1
DA:32,1
DA:33,1
DA:34,1
DA:35,1
DA:36,1
DA:37,1
DA:39,1
DA:44,1
DA:45,1
DA:46,1
DA:47,1
DA:48,1
DA:53,1
DA:54,1
DA:58,1
DA:59,1
DA:60,1
DA:61,1
DA:62,1
DA:63,1
DA:65,1
DA:75,1
DA:76,1
DA:77,1
DA:78,1
DA:79,1
DA:84,1
DA:85,1
DA:89,1
DA:90,1
DA:91,1
DA:92,1
DA:93,1
DA:94,1
DA:96,1
DA:107,1
DA:108,1
DA:109,1
DA:110,1
DA:111,1
DA:116,1
DA:117,1
DA:121,1
DA:122,1
DA:123,1
DA:124,1
DA:125,1
DA:126,1
DA:128,1
DA:133,1
DA:134,1
DA:135,1
DA:136,1
DA:137,1
DA:138,1
DA:139,1
DA:140,1
DA:141,1
DA:142,1
DA:143,1
DA:144,1
DA:149,1
DA:150,1
DA:154,1
DA:155,1
DA:156,1
DA:157,1
DA:158,1
DA:159,1
DA:161,1
DA:166,1
DA:167,1
DA:168,1
DA:169,1
DA:170,1
DA:177,1
DA:178,1
DA:179,1
DA:182,1
DA:183,1
DA:184,1
DA:185,1
DA:186,1
DA:190,1
DA:191,1
DA:195,1
DA:196,1
DA:197,1
DA:198,1
DA:199,1
DA:200,1
DA:202,1
DA:206,1
DA:207,1
DA:208,1
DA:209,1
DA:210,1
DA:215,1
DA:216,1
DA:220,1
DA:221,1
DA:222,1
DA:223,1
DA:224,1
DA:225,1
DA:227,1
DA:231,1
DA:232,1
DA:233,1
DA:234,1
DA:235,1
DA:240,1
DA:241,1
DA:245,1
DA:246,1
DA:247,1
DA:248,1
DA:249,1
DA:250,1
DA:252,1
DA:256,1
DA:257,1
DA:258,1
DA:259,1
DA:260,1
DA:265,1
DA:266,1
DA:270,1
DA:271,1
DA:272,1
DA:273,1
DA:274,1
DA:275,1
DA:277,1
DA:281,1
DA:282,1
DA:283,1
DA:284,1
DA:285,1
LF:151
LH:151
BRF:0
BRH:0
end_of_record
TN:
SF:/Users/mac/Desktop/Wayfarer/server/Test/c-trips.js
FN:24,(anonymous_1)
FN:26,(anonymous_2)
FN:27,(anonymous_3)
FN:31,(anonymous_4)
FN:43,(anonymous_5)
FN:53,(anonymous_6)
FN:57,(anonymous_7)
FN:74,(anonymous_8)
FN:84,(anonymous_9)
FN:87,(anonymous_10)
FN:96,(anonymous_11)
FN:100,(anonymous_12)
FN:118,(anonymous_13)
FN:134,(anonymous_14)
FN:138,(anonymous_15)
FN:150,(anonymous_16)
FN:166,(anonymous_17)
FN:170,(anonymous_18)
FN:182,(anonymous_19)
FN:194,(anonymous_20)
FN:195,(anonymous_21)
FN:199,(anonymous_22)
FN:210,(anonymous_23)
FN:220,(anonymous_24)
FN:224,(anonymous_25)
FN:235,(anonymous_26)
FN:245,(anonymous_27)
FN:249,(anonymous_28)
FN:260,(anonymous_29)
FN:270,(anonymous_30)
FN:274,(anonymous_31)
FN:285,(anonymous_32)
FN:295,(anonymous_33)
FN:299,(anonymous_34)
FN:310,(anonymous_35)
FN:320,(anonymous_36)
FN:324,(anonymous_37)
FN:335,(anonymous_38)
FN:345,(anonymous_39)
FN:349,(anonymous_40)
FN:360,(anonymous_41)
FN:372,(anonymous_42)
FN:373,(anonymous_43)
FN:377,(anonymous_44)
FN:388,(anonymous_45)
FNF:45
FNH:45
FNDA:1,(anonymous_1)
FNDA:1,(anonymous_2)
FNDA:1,(anonymous_3)
FNDA:1,(anonymous_4)
FNDA:1,(anonymous_5)
FNDA:1,(anonymous_6)
FNDA:1,(anonymous_7)
FNDA:1,(anonymous_8)
FNDA:1,(anonymous_9)
FNDA:1,(anonymous_10)
FNDA:1,(anonymous_11)
FNDA:1,(anonymous_12)
FNDA:1,(anonymous_13)
FNDA:1,(anonymous_14)
FNDA:1,(anonymous_15)
FNDA:1,(anonymous_16)
FNDA:1,(anonymous_17)
FNDA:1,(anonymous_18)
FNDA:1,(anonymous_19)
FNDA:1,(anonymous_20)
FNDA:1,(anonymous_21)
FNDA:1,(anonymous_22)
FNDA:1,(anonymous_23)
FNDA:1,(anonymous_24)
FNDA:1,(anonymous_25)
FNDA:1,(anonymous_26)
FNDA:1,(anonymous_27)
FNDA:1,(anonymous_28)
FNDA:1,(anonymous_29)
FNDA:1,(anonymous_30)
FNDA:1,(anonymous_31)
FNDA:1,(anonymous_32)
FNDA:1,(anonymous_33)
FNDA:1,(anonymous_34)
FNDA:1,(anonymous_35)
FNDA:1,(anonymous_36)
FNDA:1,(anonymous_37)
FNDA:1,(anonymous_38)
FNDA:1,(anonymous_39)
FNDA:1,(anonymous_40)
FNDA:1,(anonymous_41)
FNDA:1,(anonymous_42)
FNDA:1,(anonymous_43)
FNDA:1,(anonymous_44)
FNDA:1,(anonymous_45)
DA:1,1
DA:2,1
DA:3,1
DA:5,1
DA:6,1
DA:8,1
DA:15,1
DA:19,1
DA:24,1
DA:26,1
DA:27,1
DA:28,1
DA:32,1
DA:33,1
DA:34,1
DA:35,1
DA:36,1
DA:37,1
DA:39,1
DA:44,1
DA:45,1
DA:46,1
DA:47,1
DA:48,1
DA:53,1
DA:54,1
DA:58,1
DA:59,1
DA:60,1
DA:61,1
DA:62,1
DA:63,1
DA:65,1
DA:75,1
DA:76,1
DA:77,1
DA:78,1
DA:79,1
DA:84,1
DA:85,1
DA:88,1
DA:89,1
DA:90,1
DA:91,1
DA:92,1
DA:96,1
DA:97,1
DA:101,1
DA:102,1
DA:103,1
DA:104,1
DA:105,1
DA:106,1
DA:108,1
DA:119,1
DA:120,1
DA:121,1
DA:122,1
DA:123,1
DA:124,1
DA:125,1
DA:126,1
DA:127,1
DA:128,1
DA:129,1
DA:134,1
DA:135,1
DA:139,1
DA:140,1
DA:141,1
DA:142,1
DA:143,1
DA:144,1
DA:146,1
DA:151,1
DA:152,1
DA:153,1
DA:154,1
DA:155,1
DA:156,1
DA:157,1
DA:158,1
DA:159,1
DA:160,1
DA:161,1
DA:166,1
DA:167,1
DA:171,1
DA:172,1
DA:173,1
DA:174,1
DA:175,1
DA:176,1
DA:178,1
DA:183,1
DA:184,1
DA:185,1
DA:186,1
DA:187,1
DA:194,1
DA:195,1
DA:196,1
DA:200,1
DA:201,1
DA:202,1
DA:203,1
DA:204,1
DA:205,1
DA:207,1
DA:211,1
DA:212,1
DA:213,1
DA:214,1
DA:215,1
DA:220,1
DA:221,1
DA:225,1
DA:226,1
DA:227,1
DA:228,1
DA:229,1
DA:230,1
DA:232,1
DA:236,1
DA:237,1
DA:238,1
DA:239,1
DA:240,1
DA:245,1
DA:246,1
DA:250,1
DA:251,1
DA:252,1
DA:253,1
DA:254,1
DA:255,1
DA:257,1
DA:261,1
DA:262,1
DA:263,1
DA:264,1
DA:265,1
DA:270,1
DA:271,1
DA:275,1
DA:276,1
DA:277,1
DA:278,1
DA:279,1
DA:280,1
DA:282,1
DA:286,1
DA:287,1
DA:288,1
DA:289,1
DA:290,1
DA:295,1
DA:296,1
DA:300,1
DA:301,1
DA:302,1
DA:303,1
DA:304,1
DA:305,1
DA:307,1
DA:311,1
DA:312,1
DA:313,1
DA:314,1
DA:315,1
DA:320,1
DA:321,1
DA:325,1
DA:326,1
DA:327,1
DA:328,1
DA:329,1
DA:330,1
DA:332,1
DA:336,1
DA:337,1
DA:338,1
DA:339,1
DA:340,1
DA:345,1
DA:346,1
DA:350,1
DA:351,1
DA:352,1
DA:353,1
DA:354,1
DA:355,1
DA:357,1
DA:361,1
DA:362,1
DA:363,1
DA:364,1
DA:365,1
DA:372,1
DA:373,1
DA:374,1
DA:378,1
DA:379,1
DA:380,1
DA:381,1
DA:382,1
DA:383,1
DA:385,1
DA:389,1
DA:390,1
DA:391,1
DA:392,1
DA:393,1
LF:213
LH:213
BRF:0
BRH:0
end_of_record
TN:
SF:/Users/mac/Desktop/Wayfarer/server/Test/d-bookings.js
FN:21,(anonymous_1)
FN:23,(anonymous_2)
FN:24,(anonymous_3)
FN:28,(anonymous_4)
FN:40,(anonymous_5)
FN:50,(anonymous_6)
FN:54,(anonymous_7)
FN:68,(anonymous_8)
FN:78,(anonymous_9)
FN:81,(anonymous_10)
FN:90,(anonymous_11)
FN:94,(anonymous_12)
FN:106,(anonymous_13)
FN:119,(anonymous_14)
FN:123,(anonymous_15)
FN:135,(anonymous_16)
FN:145,(anonymous_17)
FN:149,(anonymous_18)
FN:164,(anonymous_19)
FN:176,(anonymous_20)
FN:177,(anonymous_21)
FN:181,(anonymous_22)
FN:192,(anonymous_23)
FN:202,(anonymous_24)
FN:206,(anonymous_25)
FN:217,(anonymous_26)
FN:227,(anonymous_27)
FN:231,(anonymous_28)
FN:242,(anonymous_29)
FN:252,(anonymous_30)
FN:256,(anonymous_31)
FN:267,(anonymous_32)
FN:277,(anonymous_33)
FN:281,(anonymous_34)
FN:292,(anonymous_35)
FN:302,(anonymous_36)
FN:306,(anonymous_37)
FN:317,(anonymous_38)
FN:327,(anonymous_39)
FN:331,(anonymous_40)
FN:342,(anonymous_41)
FN:354,(anonymous_42)
FN:355,(anonymous_43)
FN:359,(anonymous_44)
FN:374,(anonymous_45)
FNF:45
FNH:45
FNDA:1,(anonymous_1)
FNDA:1,(anonymous_2)
FNDA:1,(anonymous_3)
FNDA:1,(anonymous_4)
FNDA:1,(anonymous_5)
FNDA:1,(anonymous_6)
FNDA:1,(anonymous_7)
FNDA:1,(anonymous_8)
FNDA:1,(anonymous_9)
FNDA:1,(anonymous_10)
FNDA:1,(anonymous_11)
FNDA:1,(anonymous_12)
FNDA:1,(anonymous_13)
FNDA:1,(anonymous_14)
FNDA:1,(anonymous_15)
FNDA:1,(anonymous_16)
FNDA:1,(anonymous_17)
FNDA:1,(anonymous_18)
FNDA:1,(anonymous_19)
FNDA:1,(anonymous_20)
FNDA:1,(anonymous_21)
FNDA:1,(anonymous_22)
FNDA:1,(anonymous_23)
FNDA:1,(anonymous_24)
FNDA:1,(anonymous_25)
FNDA:1,(anonymous_26)
FNDA:1,(anonymous_27)
FNDA:1,(anonymous_28)
FNDA:1,(anonymous_29)
FNDA:1,(anonymous_30)
FNDA:1,(anonymous_31)
FNDA:1,(anonymous_32)
FNDA:1,(anonymous_33)
FNDA:1,(anonymous_34)
FNDA:1,(anonymous_35)
FNDA:1,(anonymous_36)
FNDA:1,(anonymous_37)
FNDA:1,(anonymous_38)
FNDA:1,(anonymous_39)
FNDA:1,(anonymous_40)
FNDA:1,(anonymous_41)
FNDA:1,(anonymous_42)
FNDA:1,(anonymous_43)
FNDA:1,(anonymous_44)
FNDA:1,(anonymous_45)
DA:1,1
DA:2,1
DA:3,1
DA:5,1
DA:6,1
DA:8,1
DA:12,1
DA:16,1
DA:21,1
DA:23,1
DA:24,1
DA:25,1
DA:29,1
DA:30,1
DA:31,1
DA:32,1
DA:33,1
DA:34,1
DA:36,1
DA:41,1
DA:42,1
DA:43,1
DA:44,1
DA:45,1
DA:50,1
DA:51,1
DA:55,1
DA:56,1
DA:57,1
DA:58,1
DA:59,1
DA:60,1
DA:62,1
DA:69,1
DA:70,1
DA:71,1
DA:72,1
DA:73,1
DA:78,1
DA:79,1
DA:82,1
DA:83,1
DA:84,1
DA:85,1
DA:86,1
DA:90,1
DA:91,1
DA:95,1
DA:96,1
DA:97,1
DA:98,1
DA:99,1
DA:100,1
DA:102,1
DA:107,1
DA:108,1
DA:109,1
DA:110,1
DA:111,1
DA:112,1
DA:113,1
DA:114,1
DA:119,1
DA:120,1
DA:124,1
DA:125,1
DA:126,1
DA:127,1
DA:128,1
DA:129,1
DA:131,1
DA:136,1
DA:137,1
DA:138,1
DA:139,1
DA:140,1
DA:145,1
DA:146,1
DA:150,1
DA:151,1
DA:152,1
DA:153,1
DA:154,1
DA:155,1
DA:157,1
DA:165,1
DA:166,1
DA:167,1
DA:168,1
DA:169,1
DA:176,1
DA:177,1
DA:178,1
DA:182,1
DA:183,1
DA:184,1
DA:185,1
DA:186,1
DA:187,1
DA:189,1
DA:193,1
DA:194,1
DA:195,1
DA:196,1
DA:197,1
DA:202,1
DA:203,1
DA:207,1
DA:208,1
DA:209,1
DA:210,1
DA:211,1
DA:212,1
DA:214,1
DA:218,1
DA:219,1
DA:220,1
DA:221,1
DA:222,1
DA:227,1
DA:228,1
DA:232,1
DA:233,1
DA:234,1
DA:235,1
DA:236,1
DA:237,1
DA:239,1
DA:243,1
DA:244,1
DA:245,1
DA:246,1
DA:247,1
DA:252,1
DA:253,1
DA:257,1
DA:258,1
DA:259,1
DA:260,1
DA:261,1
DA:262,1
DA:264,1
DA:268,1
DA:269,1
DA:270,1
DA:271,1
DA:272,1
DA:277,1
DA:278,1
DA:282,1
DA:283,1
DA:284,1
DA:285,1
DA:286,1
DA:287,1
DA:289,1
DA:293,1
DA:294,1
DA:295,1
DA:296,1
DA:297,1
DA:302,1
DA:303,1
DA:307,1
DA:308,1
DA:309,1
DA:310,1
DA:311,1
DA:312,1
DA:314,1
DA:318,1
DA:319,1
DA:320,1
DA:321,1
DA:322,1
DA:327,1
DA:328,1
DA:332,1
DA:333,1
DA:334,1
DA:335,1
DA:336,1
DA:337,1
DA:339,1
DA:343,1
DA:344,1
DA:345,1
DA:346,1
DA:347,1
DA:354,1
DA:355,1
DA:356,1
DA:360,1
DA:361,1
DA:362,1
DA:363,1
DA:364,1
DA:365,1
DA:367,1
DA:375,1
DA:376,1
DA:377,1
DA:378,1
DA:379,1
LF:204
LH:204
BRF:0
BRH:0
end_of_record
